#
# A fatal error has been detected by the Java Runtime Environment:
#
#  EXCEPTION_ACCESS_VIOLATION (0xc0000005) at pc=0x00007ff88b1a6980, pid=17776, tid=10792
#
# JRE version: OpenJDK Runtime Environment (20.0.2+9) (build 20.0.2+9-78)
# Java VM: OpenJDK 64-Bit Server VM (20.0.2+9-78, mixed mode, sharing, tiered, compressed oops, compressed class ptrs, g1 gc, windows-amd64)
# Problematic frame:
# C  [prism_d3d.dll+0x6980]
#
# No core dump will be written. Minidumps are not enabled by default on client versions of Windows
#
# If you would like to submit a bug report, please visit:
#   https://bugreport.java.com/bugreport/crash.jsp
# The crash happened outside the Java Virtual Machine in native code.
# See problematic frame for where to report the bug.
#

---------------  S U M M A R Y ------------

Command Line: -javaagent:C:\Program Files\JetBrains\IntelliJ IDEA 2023.1.4\lib\idea_rt.jar=1188:C:\Program Files\JetBrains\IntelliJ IDEA 2023.1.4\bin -Dfile.encoding=UTF-8 -Dsun.stdout.encoding=UTF-8 -Dsun.stderr.encoding=UTF-8 lk.ijse.LauncherWrapper

Host: AMD Ryzen 3 3250U with Radeon Graphics         , 4 cores, 7G,  Windows 11 , 64 bit Build 22621 (10.0.22621.2506)
Time: Fri Dec  1 16:47:06 2023 Sri Lanka Standard Time elapsed time: 6.385027 seconds (0d 0h 0m 6s)

---------------  T H R E A D  ---------------

Current thread (0x000001f2f0d31460):  JavaThread "JavaFX Application Thread" [_thread_in_native, id=10792, stack(0x000000315a100000,0x000000315a200000)]

Stack: [0x000000315a100000,0x000000315a200000],  sp=0x000000315a1fde30,  free space=1015k
Native frames: (J=compiled Java code, j=interpreted, Vv=VM code, C=native code)
C  [prism_d3d.dll+0x6980]

Java frames: (J=compiled Java code, j=interpreted, Vv=VM code)
j  com.sun.prism.d3d.D3DPipeline.nGetMaxSampleSupport(I)I+0
j  com.sun.prism.d3d.D3DPipeline.isMSAASupported()Z+9
j  com.sun.javafx.tk.quantum.QuantumToolkit.isMSAASupported()Z+3
j  javafx.scene.Scene.getAntiAliasingInternal()Z+10
j  javafx.scene.Scene.initPeer()V+91
j  javafx.scene.Scene$2.initPeer(Ljavafx/scene/Scene;)V+1
j  com.sun.javafx.scene.SceneHelper.initPeer(Ljavafx/scene/Scene;)V+4
j  javafx.stage.Window$12.invalidated()V+352
j  javafx.beans.property.BooleanPropertyBase.markInvalid()V+13
j  javafx.beans.property.BooleanPropertyBase.set(Z)V+72
j  javafx.stage.Window.setShowing(Z)V+11
j  javafx.stage.Window.show()V+2
j  javafx.stage.Stage.show()V+1
j  lk.ijse.AppInitializer.start(Ljavafx/stage/Stage;)V+41
j  com.sun.javafx.application.LauncherImpl.lambda$launchApplication1$9(Ljava/util/concurrent/atomic/AtomicBoolean;Ljavafx/application/Application;)V+20
j  com.sun.javafx.application.LauncherImpl$$Lambda$105+0x000001f281087638.run()V+8
j  com.sun.javafx.application.PlatformImpl.lambda$runAndWait$12(Ljava/lang/Runnable;Ljava/util/concurrent/CountDownLatch;)V+1
j  com.sun.javafx.application.PlatformImpl$$Lambda$101+0x000001f281083ce8.run()V+8
j  com.sun.javafx.application.PlatformImpl.lambda$runLater$10(Ljava/lang/Runnable;)Ljava/lang/Void;+1
j  com.sun.javafx.application.PlatformImpl$$Lambda$103+0x000001f281087208.run()Ljava/lang/Object;+4
j  java.security.AccessController.executePrivileged(Ljava/security/PrivilegedAction;Ljava/security/AccessControlContext;Ljava/lang/Class;)Ljava/lang/Object;+29 java.base@20.0.2
j  java.security.AccessController.doPrivileged(Ljava/security/PrivilegedAction;Ljava/security/AccessControlContext;)Ljava/lang/Object;+13 java.base@20.0.2
j  com.sun.javafx.application.PlatformImpl.lambda$runLater$11(Ljava/lang/Runnable;Ljava/security/AccessControlContext;)V+7
j  com.sun.javafx.application.PlatformImpl$$Lambda$102+0x000001f2810861f8.run()V+8
j  com.sun.glass.ui.InvokeLaterDispatcher$Future.run()V+4
v  ~StubRoutines::call_stub 0x000001f2dfd2100d
j  com.sun.glass.ui.win.WinApplication._runLoop(Ljava/lang/Runnable;)V+0
j  com.sun.glass.ui.win.WinApplication.lambda$runLoop$3(ILjava/lang/Runnable;)V+8
j  com.sun.glass.ui.win.WinApplication$$Lambda$91+0x000001f281033030.run()V+12
j  java.lang.Thread.runWith(Ljava/lang/Object;Ljava/lang/Runnable;)V+5 java.base@20.0.2
j  java.lang.Thread.run()V+19 java.base@20.0.2
v  ~StubRoutines::call_stub 0x000001f2dfd2100d

siginfo: EXCEPTION_ACCESS_VIOLATION (0xc0000005), reading address 0x0000000000000000


Registers:
RAX=0x00007ff88b1a6960, RBX=0x0000000000000000, RCX=0x0000000000000000, RDX=0x000000315a1fdee0
RSP=0x000000315a1fde30, RBP=0x000000315a1fded0, RSI=0x000001f2ed17ee88, RDI=0x0000000000000000
R8 =0x0000000000000000, R9 =0x0000000000000005, R10=0x000001f2dfd41fc4, R11=0x00000000851b9688
R12=0x0000000000000000, R13=0x000001f2ecce1790, R14=0x000000315a1fdef0, R15=0x000001f2f0d31460
RIP=0x00007ff88b1a6980, EFLAGS=0x0000000000010206


Register to memory mapping:

RIP=0x00007ff88b1a6980 prism_d3d.dll
RAX=0x00007ff88b1a6960 prism_d3d.dll
RBX=0x0 is NULL
RCX=0x0 is NULL
RDX=0x000000315a1fdee0 is pointing into the stack for thread: 0x000001f2f0d31460
RSP=0x000000315a1fde30 is pointing into the stack for thread: 0x000001f2f0d31460
RBP=0x000000315a1fded0 is pointing into the stack for thread: 0x000001f2f0d31460
RSI=0x000001f2ed17ee88 is pointing into metadata
RDI=0x0 is NULL
R8 =0x0 is NULL
R9 =0x0000000000000005 is an unknown value
R10=0x000001f2dfd41fc4 is at code_begin+996 in an Interpreter codelet
method entry point (kind = native)  [0x000001f2dfd41be0, 0x000001f2dfd426d0]  2800 bytes
R11=0x00000000851b9688 is an oop: java.lang.Class 
{0x00000000851b9688} - klass: 'java/lang/Class'
 - ---- fields (total size 16 words):
 - private volatile transient 'classRedefinedCount' 'I' @12  0 (0x00000000)
 - abstract internal 'klass' 'J' @16  2141058154496 (0x000001f28102c000)
 - abstract internal 'array_klass' 'J' @24  0 (0x0000000000000000)
 - abstract internal 'oop_size' 'I' @32  16 (0x00000010)
 - abstract internal 'static_oop_field_count' 'I' @36  3 (0x00000003)
 - private volatile transient 'cachedConstructor' 'Ljava/lang/reflect/Constructor;' @40  NULL (0x00000000)
 - private transient 'name' 'Ljava/lang/String;' @44  "com.sun.prism.d3d.D3DPipeline"{0x00000000851b9780} (0x851b9780)
 - private transient 'module' 'Ljava/lang/Module;' @48  a 'java/lang/Module'{0x0000000085189938} (0x85189938)
 - private final 'classLoader' 'Ljava/lang/ClassLoader;' @52  a 'jdk/internal/loader/ClassLoaders$AppClassLoader'{0x0000000085178358} (0x85178358)
 - private transient 'classData' 'Ljava/lang/Object;' @56  NULL (0x00000000)
 - private transient 'packageName' 'Ljava/lang/String;' @60  "com.sun.prism.d3d"{0x00000000851b97c8} (0x851b97c8)
 - private final 'componentType' 'Ljava/lang/Class;' @64  NULL (0x00000000)
 - private volatile transient 'reflectionData' 'Ljava/lang/ref/SoftReference;' @68  a 'java/lang/ref/SoftReference'{0x00000000851b9808} (0x851b9808)
 - private volatile transient 'genericInfo' 'Lsun/reflect/generics/repository/ClassRepository;' @72  NULL (0x00000000)
 - private volatile transient 'enumConstants' '[Ljava/lang/Object;' @76  NULL (0x00000000)
 - private volatile transient 'enumConstantDirectory' 'Ljava/util/Map;' @80  NULL (0x00000000)
 - private volatile transient 'annotationData' 'Ljava/lang/Class$AnnotationData;' @84  NULL (0x00000000)
 - private volatile transient 'annotationType' 'Lsun/reflect/annotation/AnnotationType;' @88  NULL (0x00000000)
 - transient 'classValueMap' 'Ljava/lang/ClassValue$ClassValueMap;' @92  NULL (0x00000000)
 - abstract internal 'protection_domain' 'Ljava/lang/Object;' @96  a 'java/security/ProtectionDomain'{0x00000000851783c0} (0x851783c0)
 - abstract internal 'signers_name' 'Ljava/lang/Object;' @100  NULL (0x00000000)
 - abstract internal 'source_file' 'Ljava/lang/Object;' @104  NULL (0x00000000)
 - signature: Lcom/sun/prism/d3d/D3DPipeline;
 - ---- static fields (3):
 - private static final 'd3dEnabled' 'Z' @124  true (0x01)
 - private static final 'creator' 'Ljava/lang/Thread;' @112  a 'java/lang/Thread'{0x0000000085178730} (0x85178730)
 - private static 'theInstance' 'Lcom/sun/prism/d3d/D3DPipeline;' @116  NULL (0x00000000)
 - private static 'factories' '[Lcom/sun/prism/d3d/D3DResourceFactory;' @120  NULL (0x00000000)
 - private static 'd3dInitialized' 'Z' @125  false (0x00)
R12=0x0 is NULL
R13={method} {0x000001f2ecce1798} 'nGetMaxSampleSupport' '(I)I' in 'com/sun/prism/d3d/D3DPipeline'
R14=0x000000315a1fdef0 is pointing into the stack for thread: 0x000001f2f0d31460
R15=0x000001f2f0d31460 is a thread


Top of Stack: (sp=0x000000315a1fde30)
0x000000315a1fde30:   000001f2ecce1790 000001f2ecce1790
0x000000315a1fde40:   000001f2ecce1790 000000315a1fdef0
0x000000315a1fde50:   000001f2ed17ee88 000001f2dfd41ff3
0x000000315a1fde60:   000001f2ecce1790 000001f2ed17ee88
0x000000315a1fde70:   000001f2ed17ee88 00007ff839b721b9
0x000000315a1fde80:   000001f2dfd41c96 000000315a1fde88
0x000000315a1fde90:   000001f2ecce1790 000000315a1fdef0
0x000000315a1fdea0:   000001f2ecce3d30 0000000000000000
0x000000315a1fdeb0:   00000000851b9688 000001f2ecce1790
0x000000315a1fdec0:   0000000000000000 000000315a1fdef0
0x000000315a1fded0:   000000315a1fdf48 000001f2dfd3df9e
0x000000315a1fdee0:   00000000851b9688 000001f2dfd3f895
0x000000315a1fdef0:   0000000000000000 00000000851b9720
0x000000315a1fdf00:   000000315a1fdf00 000001f2ecce21b1
0x000000315a1fdf10:   000000315a1fdf58 000001f2ecce3d30
0x000000315a1fdf20:   0000000000000000 00000000851b9688
0x000000315a1fdf30:   000001f2ecce21d0 000000315a1fdef0
0x000000315a1fdf40:   000000315a1fdf58 000000315a1fdfa8
0x000000315a1fdf50:   000001f2dfd3df9e 00000000851b9720
0x000000315a1fdf60:   000000315a1fdf60 000001f2ecc91d6b
0x000000315a1fdf70:   000000315a1fdfb8 000001f2eccaad18
0x000000315a1fdf80:   0000000000000000 00000000851b49b8
0x000000315a1fdf90:   000001f2ecc91d78 000000315a1fdf58
0x000000315a1fdfa0:   000000315a1fdfb8 000000315a1fe008
0x000000315a1fdfb0:   000001f2dfd3df9e 0000000085178dd8
0x000000315a1fdfc0:   000000315a1fdfc0 000001f2ecea1f7a
0x000000315a1fdfd0:   000000315a1fe018 000001f2ed1c0000
0x000000315a1fdfe0:   0000000000000000 000000008bdc4210
0x000000315a1fdff0:   000001f2ecea1fa8 000000315a1fdfb8
0x000000315a1fe000:   000000315a1fe018 000000315a1fe080
0x000000315a1fe010:   000001f2dfd3df9e 000000008b9c1d30
0x000000315a1fe020:   0000000000000000 000000008b45f120 

Instructions: (pc=0x00007ff88b1a6980)
0x00007ff88b1a6880:   8b c7 48 8b d6 ff 90 68 03 00 00 48 8b 03 4c 8d
0x00007ff88b1a6890:   0d fb dd 01 00 44 8b 74 24 3c 4c 8d 05 57 df 01
0x00007ff88b1a68a0:   00 48 8b d5 48 8b cb ff 90 f0 02 00 00 48 8b e8
0x00007ff88b1a68b0:   48 8b cb 48 8b 03 ff 90 20 07 00 00 48 8b cb 84
0x00007ff88b1a68c0:   c0 74 0b 48 8b 03 ff 90 88 00 00 00 eb 13 4c 8b
0x00007ff88b1a68d0:   13 45 8b ce 4c 8b c5 48 8b d6 41 ff 92 68 03 00
0x00007ff88b1a68e0:   00 4c 8b bc 24 e0 06 00 00 48 8b 17 48 8b cf ff
0x00007ff88b1a68f0:   52 10 4c 8b b4 24 18 07 00 00 48 8b c6 eb 0b 48
0x00007ff88b1a6900:   8b 07 48 8b cf ff 50 10 33 c0 48 8b 8c 24 d0 06
0x00007ff88b1a6910:   00 00 48 33 cc e8 36 41 00 00 48 81 c4 e8 06 00
0x00007ff88b1a6920:   00 5f 5e 5d 5b c3 cc cc cc cc cc cc cc cc cc cc
0x00007ff88b1a6930:   40 53 48 83 ec 20 48 8b d9 e8 c2 10 00 00 48 85
0x00007ff88b1a6940:   c0 74 15 4c 8b 03 48 8b d0 48 8b cb 48 83 c4 20
0x00007ff88b1a6950:   5b 49 ff a0 38 05 00 00 48 83 c4 20 5b c3 cc cc
0x00007ff88b1a6960:   48 89 5c 24 08 57 48 83 ec 20 48 8b 3d 6f 49 02
0x00007ff88b1a6970:   00 41 8b d8 48 85 ff 74 0f 48 8b 7f 08 48 8b cf
0x00007ff88b1a6980:   48 8b 07 ff 50 08 eb 16 48 8b 05 39 49 02 00 48
0x00007ff88b1a6990:   85 c0 74 25 b9 20 00 00 00 ff d0 48 8b f8 48 85
0x00007ff88b1a69a0:   ff 74 16 48 8b 17 48 8b cf ff 52 20 48 8b cf 3b
0x00007ff88b1a69b0:   d8 72 13 48 8b 17 ff 52 10 33 c0 48 8b 5c 24 30
0x00007ff88b1a69c0:   48 83 c4 20 5f c3 8b d3 e8 73 f9 ff ff 48 8b 17
0x00007ff88b1a69d0:   48 8b cf 8b d8 ff 52 10 8b c3 48 8b 5c 24 30 48
0x00007ff88b1a69e0:   83 c4 20 5f c3 cc cc cc cc cc cc cc cc cc cc cc
0x00007ff88b1a69f0:   48 89 5c 24 08 57 48 83 ec 40 48 83 3d de 48 02
0x00007ff88b1a6a00:   00 00 49 8b d8 48 8b f9 74 19 48 8d 0d 87 dc 01
0x00007ff88b1a6a10:   00 e8 fa 13 00 00 32 c0 48 8b 5c 24 50 48 83 c4
0x00007ff88b1a6a20:   40 5f c3 e8 78 08 00 00 85 c0 79 19 48 8d 0d 95
0x00007ff88b1a6a30:   dc 01 00 e8 d8 13 00 00 32 c0 48 8b 5c 24 50 48
0x00007ff88b1a6a40:   83 c4 40 5f c3 48 8d 05 34 dc 01 00 48 89 7c 24
0x00007ff88b1a6a50:   28 48 8d 4c 24 20 48 89 44 24 20 48 89 5c 24 30
0x00007ff88b1a6a60:   e8 7b 08 00 00 48 8b d8 48 85 c0 75 16 e8 8e 0f
0x00007ff88b1a6a70:   00 00 48 85 c0 75 0c 48 8d 0d 6a dc 01 00 e8 8d 


Stack slot to memory mapping:
stack at sp + 0 slots: {method} {0x000001f2ecce1798} 'nGetMaxSampleSupport' '(I)I' in 'com/sun/prism/d3d/D3DPipeline'
stack at sp + 1 slots: {method} {0x000001f2ecce1798} 'nGetMaxSampleSupport' '(I)I' in 'com/sun/prism/d3d/D3DPipeline'
stack at sp + 2 slots: {method} {0x000001f2ecce1798} 'nGetMaxSampleSupport' '(I)I' in 'com/sun/prism/d3d/D3DPipeline'
stack at sp + 3 slots: 0x000000315a1fdef0 is pointing into the stack for thread: 0x000001f2f0d31460
stack at sp + 4 slots: 0x000001f2ed17ee88 is pointing into metadata
stack at sp + 5 slots: 0x000001f2dfd41ff3 is at code_begin+1043 in an Interpreter codelet
method entry point (kind = native)  [0x000001f2dfd41be0, 0x000001f2dfd426d0]  2800 bytes
stack at sp + 6 slots: {method} {0x000001f2ecce1798} 'nGetMaxSampleSupport' '(I)I' in 'com/sun/prism/d3d/D3DPipeline'
stack at sp + 7 slots: 0x000001f2ed17ee88 is pointing into metadata


---------------  P R O C E S S  ---------------

Threads class SMR info:
_java_thread_list=0x000001f2f642e540, length=18, elements={
0x000001f2d072d470, 0x000001f2ec721840, 0x000001f2ec7225e0, 0x000001f2ec723eb0,
0x000001f2ec728110, 0x000001f2ec728b80, 0x000001f2ec729a80, 0x000001f2ec72b370,
0x000001f2ec72d770, 0x000001f2f09bbba0, 0x000001f2f0a88850, 0x000001f2f0c5f080,
0x000001f2f0d18050, 0x000001f2f0a85520, 0x000001f2f0d31460, 0x000001f2f101bb40,
0x000001f2f101e070, 0x000001f2f101d5d0
}

Java Threads: ( => current thread )
  0x000001f2d072d470 JavaThread "main" [_thread_blocked, id=11588, stack(0x0000003158600000,0x0000003158700000)]
  0x000001f2ec721840 JavaThread "Reference Handler" daemon [_thread_blocked, id=652, stack(0x0000003158d00000,0x0000003158e00000)]
  0x000001f2ec7225e0 JavaThread "Finalizer" daemon [_thread_blocked, id=14720, stack(0x0000003158e00000,0x0000003158f00000)]
  0x000001f2ec723eb0 JavaThread "Signal Dispatcher" daemon [_thread_blocked, id=3236, stack(0x0000003158f00000,0x0000003159000000)]
  0x000001f2ec728110 JavaThread "Attach Listener" daemon [_thread_blocked, id=6504, stack(0x0000003159000000,0x0000003159100000)]
  0x000001f2ec728b80 JavaThread "Service Thread" daemon [_thread_blocked, id=18440, stack(0x0000003159100000,0x0000003159200000)]
  0x000001f2ec729a80 JavaThread "Monitor Deflation Thread" daemon [_thread_blocked, id=7764, stack(0x0000003159200000,0x0000003159300000)]
  0x000001f2ec72b370 JavaThread "C2 CompilerThread0" daemon [_thread_blocked, id=11368, stack(0x0000003159300000,0x0000003159400000)]
  0x000001f2ec72d770 JavaThread "C1 CompilerThread0" daemon [_thread_blocked, id=3972, stack(0x0000003159400000,0x0000003159500000)]
  0x000001f2f09bbba0 JavaThread "Common-Cleaner" daemon [_thread_blocked, id=14372, stack(0x0000003159500000,0x0000003159600000)]
  0x000001f2f0a88850 JavaThread "Monitor Ctrl-Break" daemon [_thread_in_native, id=7272, stack(0x0000003159600000,0x0000003159700000)]
  0x000001f2f0c5f080 JavaThread "Notification Thread" daemon [_thread_blocked, id=1540, stack(0x0000003159700000,0x0000003159800000)]
  0x000001f2f0d18050 JavaThread "JavaFX-Launcher" [_thread_blocked, id=18480, stack(0x0000003159900000,0x0000003159a00000)]
  0x000001f2f0a85520 JavaThread "InvokeLaterDispatcher" daemon [_thread_blocked, id=8672, stack(0x000000315a000000,0x000000315a100000)]
=>0x000001f2f0d31460 JavaThread "JavaFX Application Thread" [_thread_in_native, id=10792, stack(0x000000315a100000,0x000000315a200000)]
  0x000001f2f101bb40 JavaThread "Thread-2" daemon [_thread_in_native, id=9468, stack(0x000000315a600000,0x000000315a700000)]
  0x000001f2f101e070 JavaThread "Prism Font Disposer" daemon [_thread_blocked, id=3856, stack(0x000000315a800000,0x000000315a900000)]
  0x000001f2f101d5d0 JavaThread "SIGINT handler" daemon [_thread_blocked, id=12760, stack(0x000000315aa00000,0x000000315ab00000)]

Other Threads:
  0x000001f2ec702500 VMThread "VM Thread" [stack: 0x0000003158c00000,0x0000003158d00000] [id=12024]
  0x000001f2f0c9d2a0 WatcherThread "VM Periodic Task Thread" [stack: 0x0000003159800000,0x0000003159900000] [id=5936]
  0x000001f2d078c720 WorkerThread "GC Thread#0" [stack: 0x0000003158700000,0x0000003158800000] [id=13532]
  0x000001f2f0f3b480 WorkerThread "GC Thread#1" [stack: 0x0000003159d00000,0x0000003159e00000] [id=14692]
  0x000001f2f0fbd870 WorkerThread "GC Thread#2" [stack: 0x0000003159e00000,0x0000003159f00000] [id=14368]
  0x000001f2f0fbdb40 WorkerThread "GC Thread#3" [stack: 0x0000003159f00000,0x000000315a000000] [id=7556]
  0x000001f2d079cc70 ConcurrentGCThread "G1 Main Marker" [stack: 0x0000003158800000,0x0000003158900000] [id=14380]
  0x000001f2d079d6a0 WorkerThread "G1 Conc#0" [stack: 0x0000003158900000,0x0000003158a00000] [id=18836]
  0x000001f2ec5c30d0 ConcurrentGCThread "G1 Refine#0" [stack: 0x0000003158a00000,0x0000003158b00000] [id=6836]
  0x000001f2ec5c3c20 ConcurrentGCThread "G1 Service" [stack: 0x0000003158b00000,0x0000003158c00000] [id=18004]

Threads with active compile tasks:

VM state: not at safepoint (normal execution)

VM Mutex/Monitor currently owned by a thread: None

Heap address: 0x0000000084e00000, size: 1970 MB, Compressed Oops mode: 32-bit

CDS archive(s) mapped at: [0x000001f280000000-0x000001f280c60000-0x000001f280c60000), size 12976128, SharedBaseAddress: 0x000001f280000000, ArchiveRelocationMode: 1.
Compressed class space mapped at: 0x000001f281000000-0x000001f2c1000000, reserved size: 1073741824
Narrow klass base: 0x000001f280000000, Narrow klass shift: 0, Narrow klass range: 0x100000000

GC Precious Log:
 CardTable entry size: 512
 Card Set container configuration: InlinePtr #cards 5 size 8 Array Of Cards #cards 12 size 40 Howl #buckets 4 coarsen threshold 1843 Howl Bitmap #cards 512 size 80 coarsen threshold 460 Card regions per heap region 1 cards per card region 2048
 CPUs: 4 total, 4 available
 Memory: 7874M
 Large Page Support: Disabled
 NUMA Support: Disabled
 Compressed Oops: Enabled (32-bit)
 Heap Region Size: 1M
 Heap Min Capacity: 8M
 Heap Initial Capacity: 124M
 Heap Max Capacity: 1970M
 Pre-touch: Disabled
 Parallel Workers: 4
 Concurrent Workers: 1
 Concurrent Refinement Workers: 4
 Periodic GC: Disabled

Heap:
 garbage-first heap   total 126976K, used 76222K [0x0000000084e00000, 0x0000000100000000)
  region size 1024K, 23 young (23552K), 2 survivors (2048K)
 Metaspace       used 13879K, committed 14272K, reserved 1114112K
  class space    used 2100K, committed 2304K, reserved 1048576K

Heap Regions: E=young(eden), S=young(survivor), O=old, HS=humongous(starts), HC=humongous(continues), CS=collection set, F=free, OA=open archive, CA=closed archive, TAMS=top-at-mark-start, PB=parsable bottom
|   0|0x0000000084e00000, 0x0000000084f00000, 0x0000000084f00000|100%| O|  |TAMS 0x0000000084e00000| PB 0x0000000084e00000| Untracked 
|   1|0x0000000084f00000, 0x0000000085000000, 0x0000000085000000|100%| O|  |TAMS 0x0000000084f00000| PB 0x0000000084f00000| Untracked 
|   2|0x0000000085000000, 0x0000000085100000, 0x0000000085100000|100%| O|  |TAMS 0x0000000085000000| PB 0x0000000085000000| Untracked 
|   3|0x0000000085100000, 0x0000000085200000, 0x0000000085200000|100%| O|  |TAMS 0x0000000085100000| PB 0x0000000085100000| Untracked 
|   4|0x0000000085200000, 0x0000000085300000, 0x0000000085300000|100%| O|  |TAMS 0x0000000085200000| PB 0x0000000085200000| Untracked 
|   5|0x0000000085300000, 0x000000008536f800, 0x0000000085400000| 43%| O|  |TAMS 0x0000000085300000| PB 0x0000000085300000| Untracked 
|   6|0x0000000085400000, 0x0000000085500000, 0x0000000085500000|100%|HS|  |TAMS 0x0000000085400000| PB 0x0000000085400000| Complete 
|   7|0x0000000085500000, 0x0000000085600000, 0x0000000085600000|100%|HC|  |TAMS 0x0000000085500000| PB 0x0000000085500000| Complete 
|   8|0x0000000085600000, 0x0000000085700000, 0x0000000085700000|100%|HC|  |TAMS 0x0000000085600000| PB 0x0000000085600000| Complete 
|   9|0x0000000085700000, 0x0000000085800000, 0x0000000085800000|100%|HC|  |TAMS 0x0000000085700000| PB 0x0000000085700000| Complete 
|  10|0x0000000085800000, 0x0000000085900000, 0x0000000085900000|100%|HC|  |TAMS 0x0000000085800000| PB 0x0000000085800000| Complete 
|  11|0x0000000085900000, 0x0000000085a00000, 0x0000000085a00000|100%|HC|  |TAMS 0x0000000085900000| PB 0x0000000085900000| Complete 
|  12|0x0000000085a00000, 0x0000000085b00000, 0x0000000085b00000|100%|HC|  |TAMS 0x0000000085a00000| PB 0x0000000085a00000| Complete 
|  13|0x0000000085b00000, 0x0000000085c00000, 0x0000000085c00000|100%|HC|  |TAMS 0x0000000085b00000| PB 0x0000000085b00000| Complete 
|  14|0x0000000085c00000, 0x0000000085d00000, 0x0000000085d00000|100%|HC|  |TAMS 0x0000000085c00000| PB 0x0000000085c00000| Complete 
|  15|0x0000000085d00000, 0x0000000085e00000, 0x0000000085e00000|100%|HC|  |TAMS 0x0000000085d00000| PB 0x0000000085d00000| Complete 
|  16|0x0000000085e00000, 0x0000000085f00000, 0x0000000085f00000|100%|HC|  |TAMS 0x0000000085e00000| PB 0x0000000085e00000| Complete 
|  17|0x0000000085f00000, 0x0000000086000000, 0x0000000086000000|100%|HC|  |TAMS 0x0000000085f00000| PB 0x0000000085f00000| Complete 
|  18|0x0000000086000000, 0x0000000086100000, 0x0000000086100000|100%|HC|  |TAMS 0x0000000086000000| PB 0x0000000086000000| Complete 
|  19|0x0000000086100000, 0x0000000086200000, 0x0000000086200000|100%|HC|  |TAMS 0x0000000086100000| PB 0x0000000086100000| Complete 
|  20|0x0000000086200000, 0x0000000086300000, 0x0000000086300000|100%|HC|  |TAMS 0x0000000086200000| PB 0x0000000086200000| Complete 
|  21|0x0000000086300000, 0x0000000086400000, 0x0000000086400000|100%|HC|  |TAMS 0x0000000086300000| PB 0x0000000086300000| Complete 
|  22|0x0000000086400000, 0x0000000086500000, 0x0000000086500000|100%|HC|  |TAMS 0x0000000086400000| PB 0x0000000086400000| Complete 
|  23|0x0000000086500000, 0x0000000086600000, 0x0000000086600000|100%|HC|  |TAMS 0x0000000086500000| PB 0x0000000086500000| Complete 
|  24|0x0000000086600000, 0x0000000086700000, 0x0000000086700000|100%|HC|  |TAMS 0x0000000086600000| PB 0x0000000086600000| Complete 
|  25|0x0000000086700000, 0x0000000086800000, 0x0000000086800000|100%|HC|  |TAMS 0x0000000086700000| PB 0x0000000086700000| Complete 
|  26|0x0000000086800000, 0x0000000086900000, 0x0000000086900000|100%|HC|  |TAMS 0x0000000086800000| PB 0x0000000086800000| Complete 
|  27|0x0000000086900000, 0x0000000086a00000, 0x0000000086a00000|100%|HC|  |TAMS 0x0000000086900000| PB 0x0000000086900000| Complete 
|  28|0x0000000086a00000, 0x0000000086b00000, 0x0000000086b00000|100%|HC|  |TAMS 0x0000000086a00000| PB 0x0000000086a00000| Complete 
|  29|0x0000000086b00000, 0x0000000086c00000, 0x0000000086c00000|100%|HC|  |TAMS 0x0000000086b00000| PB 0x0000000086b00000| Complete 
|  30|0x0000000086c00000, 0x0000000086d00000, 0x0000000086d00000|100%|HC|  |TAMS 0x0000000086c00000| PB 0x0000000086c00000| Complete 
|  31|0x0000000086d00000, 0x0000000086e00000, 0x0000000086e00000|100%|HC|  |TAMS 0x0000000086d00000| PB 0x0000000086d00000| Complete 
|  32|0x0000000086e00000, 0x0000000086f00000, 0x0000000086f00000|100%|HC|  |TAMS 0x0000000086e00000| PB 0x0000000086e00000| Complete 
|  33|0x0000000086f00000, 0x0000000087000000, 0x0000000087000000|100%|HC|  |TAMS 0x0000000086f00000| PB 0x0000000086f00000| Complete 
|  34|0x0000000087000000, 0x0000000087100000, 0x0000000087100000|100%|HC|  |TAMS 0x0000000087000000| PB 0x0000000087000000| Complete 
|  35|0x0000000087100000, 0x0000000087200000, 0x0000000087200000|100%|HC|  |TAMS 0x0000000087100000| PB 0x0000000087100000| Complete 
|  36|0x0000000087200000, 0x0000000087300000, 0x0000000087300000|100%|HC|  |TAMS 0x0000000087200000| PB 0x0000000087200000| Complete 
|  37|0x0000000087300000, 0x0000000087400000, 0x0000000087400000|100%|HC|  |TAMS 0x0000000087300000| PB 0x0000000087300000| Complete 
|  38|0x0000000087400000, 0x0000000087500000, 0x0000000087500000|100%|HC|  |TAMS 0x0000000087400000| PB 0x0000000087400000| Complete 
|  39|0x0000000087500000, 0x0000000087600000, 0x0000000087600000|100%|HC|  |TAMS 0x0000000087500000| PB 0x0000000087500000| Complete 
|  40|0x0000000087600000, 0x0000000087700000, 0x0000000087700000|100%|HC|  |TAMS 0x0000000087600000| PB 0x0000000087600000| Complete 
|  41|0x0000000087700000, 0x0000000087800000, 0x0000000087800000|100%|HC|  |TAMS 0x0000000087700000| PB 0x0000000087700000| Complete 
|  42|0x0000000087800000, 0x0000000087900000, 0x0000000087900000|100%|HC|  |TAMS 0x0000000087800000| PB 0x0000000087800000| Complete 
|  43|0x0000000087900000, 0x0000000087a00000, 0x0000000087a00000|100%|HC|  |TAMS 0x0000000087900000| PB 0x0000000087900000| Complete 
|  44|0x0000000087a00000, 0x0000000087b00000, 0x0000000087b00000|100%|HC|  |TAMS 0x0000000087a00000| PB 0x0000000087a00000| Complete 
|  45|0x0000000087b00000, 0x0000000087c00000, 0x0000000087c00000|100%|HC|  |TAMS 0x0000000087b00000| PB 0x0000000087b00000| Complete 
|  46|0x0000000087c00000, 0x0000000087d00000, 0x0000000087d00000|100%|HC|  |TAMS 0x0000000087c00000| PB 0x0000000087c00000| Complete 
|  47|0x0000000087d00000, 0x0000000087e00000, 0x0000000087e00000|100%|HC|  |TAMS 0x0000000087d00000| PB 0x0000000087d00000| Complete 
|  48|0x0000000087e00000, 0x0000000087f00000, 0x0000000087f00000|100%|HC|  |TAMS 0x0000000087e00000| PB 0x0000000087e00000| Complete 
|  49|0x0000000087f00000, 0x0000000088000000, 0x0000000088000000|100%|HC|  |TAMS 0x0000000087f00000| PB 0x0000000087f00000| Complete 
|  50|0x0000000088000000, 0x0000000088100000, 0x0000000088100000|100%|HC|  |TAMS 0x0000000088000000| PB 0x0000000088000000| Complete 
|  51|0x0000000088100000, 0x0000000088200000, 0x0000000088200000|100%|HC|  |TAMS 0x0000000088100000| PB 0x0000000088100000| Complete 
|  52|0x0000000088200000, 0x0000000088300000, 0x0000000088300000|100%|HS|  |TAMS 0x0000000088200000| PB 0x0000000088200000| Complete 
|  53|0x0000000088300000, 0x0000000088400000, 0x0000000088400000|100%|HC|  |TAMS 0x0000000088300000| PB 0x0000000088300000| Complete 
|  54|0x0000000088400000, 0x0000000088400000, 0x0000000088500000|  0%| F|  |TAMS 0x0000000088400000| PB 0x0000000088400000| Untracked 
|  55|0x0000000088500000, 0x0000000088500000, 0x0000000088600000|  0%| F|  |TAMS 0x0000000088500000| PB 0x0000000088500000| Untracked 
|  56|0x0000000088600000, 0x0000000088600000, 0x0000000088700000|  0%| F|  |TAMS 0x0000000088600000| PB 0x0000000088600000| Untracked 
|  57|0x0000000088700000, 0x0000000088700000, 0x0000000088800000|  0%| F|  |TAMS 0x0000000088700000| PB 0x0000000088700000| Untracked 
|  58|0x0000000088800000, 0x0000000088800000, 0x0000000088900000|  0%| F|  |TAMS 0x0000000088800000| PB 0x0000000088800000| Untracked 
|  59|0x0000000088900000, 0x0000000088900000, 0x0000000088a00000|  0%| F|  |TAMS 0x0000000088900000| PB 0x0000000088900000| Untracked 
|  60|0x0000000088a00000, 0x0000000088a00000, 0x0000000088b00000|  0%| F|  |TAMS 0x0000000088a00000| PB 0x0000000088a00000| Untracked 
|  61|0x0000000088b00000, 0x0000000088b00000, 0x0000000088c00000|  0%| F|  |TAMS 0x0000000088b00000| PB 0x0000000088b00000| Untracked 
|  62|0x0000000088c00000, 0x0000000088c00000, 0x0000000088d00000|  0%| F|  |TAMS 0x0000000088c00000| PB 0x0000000088c00000| Untracked 
|  63|0x0000000088d00000, 0x0000000088d00000, 0x0000000088e00000|  0%| F|  |TAMS 0x0000000088d00000| PB 0x0000000088d00000| Untracked 
|  64|0x0000000088e00000, 0x0000000088e00000, 0x0000000088f00000|  0%| F|  |TAMS 0x0000000088e00000| PB 0x0000000088e00000| Untracked 
|  65|0x0000000088f00000, 0x0000000088f00000, 0x0000000089000000|  0%| F|  |TAMS 0x0000000088f00000| PB 0x0000000088f00000| Untracked 
|  66|0x0000000089000000, 0x0000000089000000, 0x0000000089100000|  0%| F|  |TAMS 0x0000000089000000| PB 0x0000000089000000| Untracked 
|  67|0x0000000089100000, 0x0000000089100000, 0x0000000089200000|  0%| F|  |TAMS 0x0000000089100000| PB 0x0000000089100000| Untracked 
|  68|0x0000000089200000, 0x0000000089200000, 0x0000000089300000|  0%| F|  |TAMS 0x0000000089200000| PB 0x0000000089200000| Untracked 
|  69|0x0000000089300000, 0x0000000089300000, 0x0000000089400000|  0%| F|  |TAMS 0x0000000089300000| PB 0x0000000089300000| Untracked 
|  70|0x0000000089400000, 0x0000000089400000, 0x0000000089500000|  0%| F|  |TAMS 0x0000000089400000| PB 0x0000000089400000| Untracked 
|  71|0x0000000089500000, 0x0000000089500000, 0x0000000089600000|  0%| F|  |TAMS 0x0000000089500000| PB 0x0000000089500000| Untracked 
|  72|0x0000000089600000, 0x0000000089600000, 0x0000000089700000|  0%| F|  |TAMS 0x0000000089600000| PB 0x0000000089600000| Untracked 
|  73|0x0000000089700000, 0x0000000089700000, 0x0000000089800000|  0%| F|  |TAMS 0x0000000089700000| PB 0x0000000089700000| Untracked 
|  74|0x0000000089800000, 0x0000000089800000, 0x0000000089900000|  0%| F|  |TAMS 0x0000000089800000| PB 0x0000000089800000| Untracked 
|  75|0x0000000089900000, 0x0000000089900000, 0x0000000089a00000|  0%| F|  |TAMS 0x0000000089900000| PB 0x0000000089900000| Untracked 
|  76|0x0000000089a00000, 0x0000000089a00000, 0x0000000089b00000|  0%| F|  |TAMS 0x0000000089a00000| PB 0x0000000089a00000| Untracked 
|  77|0x0000000089b00000, 0x0000000089b00000, 0x0000000089c00000|  0%| F|  |TAMS 0x0000000089b00000| PB 0x0000000089b00000| Untracked 
|  78|0x0000000089c00000, 0x0000000089c00000, 0x0000000089d00000|  0%| F|  |TAMS 0x0000000089c00000| PB 0x0000000089c00000| Untracked 
|  79|0x0000000089d00000, 0x0000000089d00000, 0x0000000089e00000|  0%| F|  |TAMS 0x0000000089d00000| PB 0x0000000089d00000| Untracked 
|  80|0x0000000089e00000, 0x0000000089e00000, 0x0000000089f00000|  0%| F|  |TAMS 0x0000000089e00000| PB 0x0000000089e00000| Untracked 
|  81|0x0000000089f00000, 0x0000000089f00000, 0x000000008a000000|  0%| F|  |TAMS 0x0000000089f00000| PB 0x0000000089f00000| Untracked 
|  82|0x000000008a000000, 0x000000008a000000, 0x000000008a100000|  0%| F|  |TAMS 0x000000008a000000| PB 0x000000008a000000| Untracked 
|  83|0x000000008a100000, 0x000000008a100000, 0x000000008a200000|  0%| F|  |TAMS 0x000000008a100000| PB 0x000000008a100000| Untracked 
|  84|0x000000008a200000, 0x000000008a200000, 0x000000008a300000|  0%| F|  |TAMS 0x000000008a200000| PB 0x000000008a200000| Untracked 
|  85|0x000000008a300000, 0x000000008a300000, 0x000000008a400000|  0%| F|  |TAMS 0x000000008a300000| PB 0x000000008a300000| Untracked 
|  86|0x000000008a400000, 0x000000008a400000, 0x000000008a500000|  0%| F|  |TAMS 0x000000008a400000| PB 0x000000008a400000| Untracked 
|  87|0x000000008a500000, 0x000000008a500000, 0x000000008a600000|  0%| F|  |TAMS 0x000000008a500000| PB 0x000000008a500000| Untracked 
|  88|0x000000008a600000, 0x000000008a600000, 0x000000008a700000|  0%| F|  |TAMS 0x000000008a600000| PB 0x000000008a600000| Untracked 
|  89|0x000000008a700000, 0x000000008a700000, 0x000000008a800000|  0%| F|  |TAMS 0x000000008a700000| PB 0x000000008a700000| Untracked 
|  90|0x000000008a800000, 0x000000008a800000, 0x000000008a900000|  0%| F|  |TAMS 0x000000008a800000| PB 0x000000008a800000| Untracked 
|  91|0x000000008a900000, 0x000000008a900000, 0x000000008aa00000|  0%| F|  |TAMS 0x000000008a900000| PB 0x000000008a900000| Untracked 
|  92|0x000000008aa00000, 0x000000008aa00000, 0x000000008ab00000|  0%| F|  |TAMS 0x000000008aa00000| PB 0x000000008aa00000| Untracked 
|  93|0x000000008ab00000, 0x000000008ab00000, 0x000000008ac00000|  0%| F|  |TAMS 0x000000008ab00000| PB 0x000000008ab00000| Untracked 
|  94|0x000000008ac00000, 0x000000008ac00000, 0x000000008ad00000|  0%| F|  |TAMS 0x000000008ac00000| PB 0x000000008ac00000| Untracked 
|  95|0x000000008ad00000, 0x000000008ad00000, 0x000000008ae00000|  0%| F|  |TAMS 0x000000008ad00000| PB 0x000000008ad00000| Untracked 
|  96|0x000000008ae00000, 0x000000008ae00000, 0x000000008af00000|  0%| F|  |TAMS 0x000000008ae00000| PB 0x000000008ae00000| Untracked 
|  97|0x000000008af00000, 0x000000008af00000, 0x000000008b000000|  0%| F|  |TAMS 0x000000008af00000| PB 0x000000008af00000| Untracked 
|  98|0x000000008b000000, 0x000000008b000000, 0x000000008b100000|  0%| F|  |TAMS 0x000000008b000000| PB 0x000000008b000000| Untracked 
|  99|0x000000008b100000, 0x000000008b100000, 0x000000008b200000|  0%| F|  |TAMS 0x000000008b100000| PB 0x000000008b100000| Untracked 
| 100|0x000000008b200000, 0x000000008b200000, 0x000000008b300000|  0%| F|  |TAMS 0x000000008b200000| PB 0x000000008b200000| Untracked 
| 101|0x000000008b300000, 0x000000008b3361a0, 0x000000008b400000| 21%| E|  |TAMS 0x000000008b300000| PB 0x000000008b300000| Complete 
| 102|0x000000008b400000, 0x000000008b500000, 0x000000008b500000|100%| E|CS|TAMS 0x000000008b400000| PB 0x000000008b400000| Complete 
| 103|0x000000008b500000, 0x000000008b600000, 0x000000008b600000|100%| E|CS|TAMS 0x000000008b500000| PB 0x000000008b500000| Complete 
| 104|0x000000008b600000, 0x000000008b700000, 0x000000008b700000|100%| E|CS|TAMS 0x000000008b600000| PB 0x000000008b600000| Complete 
| 105|0x000000008b700000, 0x000000008b800000, 0x000000008b800000|100%| E|CS|TAMS 0x000000008b700000| PB 0x000000008b700000| Complete 
| 106|0x000000008b800000, 0x000000008b900000, 0x000000008b900000|100%| E|CS|TAMS 0x000000008b800000| PB 0x000000008b800000| Complete 
| 107|0x000000008b900000, 0x000000008ba00000, 0x000000008ba00000|100%| E|CS|TAMS 0x000000008b900000| PB 0x000000008b900000| Complete 
| 108|0x000000008ba00000, 0x000000008bb00000, 0x000000008bb00000|100%| S|CS|TAMS 0x000000008ba00000| PB 0x000000008ba00000| Complete 
| 109|0x000000008bb00000, 0x000000008bc00000, 0x000000008bc00000|100%| E|CS|TAMS 0x000000008bb00000| PB 0x000000008bb00000| Complete 
| 110|0x000000008bc00000, 0x000000008bd00000, 0x000000008bd00000|100%| E|CS|TAMS 0x000000008bc00000| PB 0x000000008bc00000| Complete 
| 111|0x000000008bd00000, 0x000000008be00000, 0x000000008be00000|100%| S|CS|TAMS 0x000000008bd00000| PB 0x000000008bd00000| Complete 
| 112|0x000000008be00000, 0x000000008bf00000, 0x000000008bf00000|100%| E|CS|TAMS 0x000000008be00000| PB 0x000000008be00000| Complete 
| 113|0x000000008bf00000, 0x000000008c000000, 0x000000008c000000|100%| E|CS|TAMS 0x000000008bf00000| PB 0x000000008bf00000| Complete 
| 114|0x000000008c000000, 0x000000008c100000, 0x000000008c100000|100%| E|CS|TAMS 0x000000008c000000| PB 0x000000008c000000| Complete 
| 115|0x000000008c100000, 0x000000008c200000, 0x000000008c200000|100%| E|  |TAMS 0x000000008c100000| PB 0x000000008c100000| Complete 
| 116|0x000000008c200000, 0x000000008c300000, 0x000000008c300000|100%| E|CS|TAMS 0x000000008c200000| PB 0x000000008c200000| Complete 
| 117|0x000000008c300000, 0x000000008c400000, 0x000000008c400000|100%| E|CS|TAMS 0x000000008c300000| PB 0x000000008c300000| Complete 
| 118|0x000000008c400000, 0x000000008c500000, 0x000000008c500000|100%| E|CS|TAMS 0x000000008c400000| PB 0x000000008c400000| Complete 
| 119|0x000000008c500000, 0x000000008c600000, 0x000000008c600000|100%| E|CS|TAMS 0x000000008c500000| PB 0x000000008c500000| Complete 
| 120|0x000000008c600000, 0x000000008c700000, 0x000000008c700000|100%| E|CS|TAMS 0x000000008c600000| PB 0x000000008c600000| Complete 
| 121|0x000000008c700000, 0x000000008c800000, 0x000000008c800000|100%| E|CS|TAMS 0x000000008c700000| PB 0x000000008c700000| Complete 
| 122|0x000000008c800000, 0x000000008c900000, 0x000000008c900000|100%| E|CS|TAMS 0x000000008c800000| PB 0x000000008c800000| Complete 
| 123|0x000000008c900000, 0x000000008ca00000, 0x000000008ca00000|100%| E|CS|TAMS 0x000000008c900000| PB 0x000000008c900000| Complete 

Card table byte_map: [0x000001f2e7bd0000,0x000001f2e7fb0000] _byte_map_base: 0x000001f2e77a9000

Marking Bits: (CMBitMap*) 0x000001f2d078cd50
 Bits: [0x000001f2e8390000, 0x000001f2ea258000)

Polling page: 0x000001f2cfef0000

Metaspace:

Usage:
  Non-class:     11.50 MB used.
      Class:      2.05 MB used.
       Both:     13.55 MB used.

Virtual space:
  Non-class space:       64.00 MB reserved,      11.69 MB ( 18%) committed,  1 nodes.
      Class space:        1.00 GB reserved,       2.25 MB ( <1%) committed,  1 nodes.
             Both:        1.06 GB reserved,      13.94 MB (  1%) committed. 

Chunk freelists:
   Non-Class:  3.61 MB
       Class:  1.75 MB
        Both:  5.36 MB

MaxMetaspaceSize: unlimited
CompressedClassSpaceSize: 1.00 GB
Initial GC threshold: 21.00 MB
Current GC threshold: 21.00 MB
CDS: on
MetaspaceReclaimPolicy: balanced
 - commit_granule_bytes: 65536.
 - commit_granule_words: 8192.
 - virtual_space_node_default_size: 8388608.
 - enlarge_chunks_in_place: 1.
 - new_chunks_are_fully_committed: 0.
 - uncommit_free_chunks: 1.
 - use_allocation_guard: 0.


Internal statistics:

num_allocs_failed_limit: 0.
num_arena_births: 350.
num_arena_deaths: 0.
num_vsnodes_births: 2.
num_vsnodes_deaths: 0.
num_space_committed: 223.
num_space_uncommitted: 0.
num_chunks_returned_to_freelist: 0.
num_chunks_taken_from_freelist: 784.
num_chunk_merges: 0.
num_chunk_splits: 535.
num_chunks_enlarged: 362.
num_inconsistent_stats: 0.

CodeHeap 'non-profiled nmethods': size=120000Kb used=837Kb max_used=837Kb free=119162Kb
 bounds [0x000001f2e02c0000, 0x000001f2e0530000, 0x000001f2e77f0000]
CodeHeap 'profiled nmethods': size=120000Kb used=3615Kb max_used=3615Kb free=116384Kb
 bounds [0x000001f2d87f0000, 0x000001f2d8b80000, 0x000001f2dfd20000]
CodeHeap 'non-nmethods': size=5760Kb used=1714Kb max_used=1727Kb free=4045Kb
 bounds [0x000001f2dfd20000, 0x000001f2dff90000, 0x000001f2e02c0000]
 total_blobs=2675 nmethods=1972 adapters=614
 compilation: enabled
              stopped_count=0, restarted_count=0
 full_count=0

Compilation events (20 events):
Event: 6.178 Thread 0x000001f2ec72d770 nmethod 1964 0x000001f2d8b71910 code [0x000001f2d8b71aa0, 0x000001f2d8b71d08]
Event: 6.179 Thread 0x000001f2ec72d770 1966       3       javafx.css.SimpleSelector::applies (221 bytes)
Event: 6.179 Thread 0x000001f2ec72b370 nmethod 1955 0x000001f2e038ea90 code [0x000001f2e038ec20, 0x000001f2e038eef8]
Event: 6.180 Thread 0x000001f2ec72b370 1961       4       java.util.HashMap::putVal (300 bytes)
Event: 6.181 Thread 0x000001f2ec72d770 nmethod 1966 0x000001f2d8b71e10 code [0x000001f2d8b72140, 0x000001f2d8b737f0]
Event: 6.181 Thread 0x000001f2ec72d770 1969       3       javafx.css.CompoundSelector::applies (144 bytes)
Event: 6.182 Thread 0x000001f2ec72d770 nmethod 1969 0x000001f2d8b73e10 code [0x000001f2d8b74080, 0x000001f2d8b74b80]
Event: 6.182 Thread 0x000001f2ec72d770 1965       3       javafx.css.SimpleSelector::applies (54 bytes)
Event: 6.183 Thread 0x000001f2ec72d770 nmethod 1965 0x000001f2d8b74e90 code [0x000001f2d8b75080, 0x000001f2d8b75740]
Event: 6.183 Thread 0x000001f2ec72d770 1967       3       javafx.css.SimpleSelector::matchStyleClasses (9 bytes)
Event: 6.183 Thread 0x000001f2ec72d770 nmethod 1967 0x000001f2d8b75990 code [0x000001f2d8b75b20, 0x000001f2d8b75cd0]
Event: 6.183 Thread 0x000001f2ec72d770 1968       3       com.sun.javafx.collections.SetListenerHelper::hasListeners (10 bytes)
Event: 6.183 Thread 0x000001f2ec72d770 nmethod 1968 0x000001f2d8b75e10 code [0x000001f2d8b75fa0, 0x000001f2d8b760e8]
Event: 6.195 Thread 0x000001f2ec72d770 1970   !   3       java.lang.invoke.MethodHandles$Lookup::canBeCached (150 bytes)
Event: 6.197 Thread 0x000001f2ec72d770 nmethod 1970 0x000001f2d8b76190 code [0x000001f2d8b764a0, 0x000001f2d8b77830]
Event: 6.208 Thread 0x000001f2ec72b370 nmethod 1961 0x000001f2e038f190 code [0x000001f2e038f3a0, 0x000001f2e038ffa0]
Event: 6.209 Thread 0x000001f2ec72b370 1963       4       java.util.HashMap$HashIterator::nextNode (100 bytes)
Event: 6.218 Thread 0x000001f2ec72b370 nmethod 1963 0x000001f2e0390690 code [0x000001f2e0390800, 0x000001f2e0390bf8]
Event: 6.337 Thread 0x000001f2ec72b370 1971       4       java.io.WinNTFileSystem::normalize (143 bytes)
Event: 6.343 Thread 0x000001f2ec72b370 nmethod 1971 0x000001f2e0390d90 code [0x000001f2e0390f20, 0x000001f2e0391170]

GC Heap History (4 events):
Event: 1.073 GC heap before
{Heap before GC invocations=0 (full 0):
 garbage-first heap   total 126976K, used 12288K [0x0000000084e00000, 0x0000000100000000)
  region size 1024K, 13 young (13312K), 0 survivors (0K)
 Metaspace       used 3121K, committed 3264K, reserved 1114112K
  class space    used 310K, committed 384K, reserved 1048576K
}
Event: 1.082 GC heap after
{Heap after GC invocations=1 (full 0):
 garbage-first heap   total 126976K, used 5533K [0x0000000084e00000, 0x0000000100000000)
  region size 1024K, 2 young (2048K), 2 survivors (2048K)
 Metaspace       used 3121K, committed 3264K, reserved 1114112K
  class space    used 310K, committed 384K, reserved 1048576K
}
Event: 2.022 GC heap before
{Heap before GC invocations=1 (full 0):
 garbage-first heap   total 126976K, used 16797K [0x0000000084e00000, 0x0000000100000000)
  region size 1024K, 14 young (14336K), 2 survivors (2048K)
 Metaspace       used 8167K, committed 8384K, reserved 1114112K
  class space    used 987K, committed 1088K, reserved 1048576K
}
Event: 2.034 GC heap after
{Heap after GC invocations=2 (full 0):
 garbage-first heap   total 126976K, used 7614K [0x0000000084e00000, 0x0000000100000000)
  region size 1024K, 2 young (2048K), 2 survivors (2048K)
 Metaspace       used 8167K, committed 8384K, reserved 1114112K
  class space    used 987K, committed 1088K, reserved 1048576K
}

Dll operation events (20 events):
Event: 0.816 Loaded shared library C:\Users\Chamika\Downloads\openjfx-20.0.2_windows-x64_bin-sdk\javafx-sdk-20.0.2\bin\api-ms-win-crt-locale-l1-1-0.dll
Event: 0.819 Loaded shared library C:\Users\Chamika\Downloads\openjfx-20.0.2_windows-x64_bin-sdk\javafx-sdk-20.0.2\bin\api-ms-win-crt-math-l1-1-0.dll
Event: 0.822 Loaded shared library C:\Users\Chamika\Downloads\openjfx-20.0.2_windows-x64_bin-sdk\javafx-sdk-20.0.2\bin\api-ms-win-crt-multibyte-l1-1-0.dll
Event: 0.825 Loaded shared library C:\Users\Chamika\Downloads\openjfx-20.0.2_windows-x64_bin-sdk\javafx-sdk-20.0.2\bin\api-ms-win-crt-private-l1-1-0.dll
Event: 0.829 Loaded shared library C:\Users\Chamika\Downloads\openjfx-20.0.2_windows-x64_bin-sdk\javafx-sdk-20.0.2\bin\api-ms-win-crt-process-l1-1-0.dll
Event: 0.832 Loaded shared library C:\Users\Chamika\Downloads\openjfx-20.0.2_windows-x64_bin-sdk\javafx-sdk-20.0.2\bin\api-ms-win-crt-runtime-l1-1-0.dll
Event: 0.835 Loaded shared library C:\Users\Chamika\Downloads\openjfx-20.0.2_windows-x64_bin-sdk\javafx-sdk-20.0.2\bin\api-ms-win-crt-stdio-l1-1-0.dll
Event: 0.838 Loaded shared library C:\Users\Chamika\Downloads\openjfx-20.0.2_windows-x64_bin-sdk\javafx-sdk-20.0.2\bin\api-ms-win-crt-string-l1-1-0.dll
Event: 0.841 Loaded shared library C:\Users\Chamika\Downloads\openjfx-20.0.2_windows-x64_bin-sdk\javafx-sdk-20.0.2\bin\api-ms-win-crt-time-l1-1-0.dll
Event: 0.845 Loaded shared library C:\Users\Chamika\Downloads\openjfx-20.0.2_windows-x64_bin-sdk\javafx-sdk-20.0.2\bin\api-ms-win-crt-utility-l1-1-0.dll
Event: 0.849 Loaded shared library C:\Users\Chamika\Downloads\openjfx-20.0.2_windows-x64_bin-sdk\javafx-sdk-20.0.2\bin\ucrtbase.dll
Event: 0.854 Loaded shared library C:\Users\Chamika\Downloads\openjfx-20.0.2_windows-x64_bin-sdk\javafx-sdk-20.0.2\bin\vcruntime140.dll
Event: 0.862 Loaded shared library C:\Users\Chamika\Downloads\openjfx-20.0.2_windows-x64_bin-sdk\javafx-sdk-20.0.2\bin\vcruntime140_1.dll
Event: 0.866 Loaded shared library C:\Users\Chamika\Downloads\openjfx-20.0.2_windows-x64_bin-sdk\javafx-sdk-20.0.2\bin\msvcp140.dll
Event: 0.869 Loaded shared library C:\Users\Chamika\Downloads\openjfx-20.0.2_windows-x64_bin-sdk\javafx-sdk-20.0.2\bin\msvcp140_1.dll
Event: 0.873 Loaded shared library C:\Users\Chamika\Downloads\openjfx-20.0.2_windows-x64_bin-sdk\javafx-sdk-20.0.2\bin\msvcp140_2.dll
Event: 0.998 Loaded shared library C:\Users\Chamika\Downloads\openjfx-20.0.2_windows-x64_bin-sdk\javafx-sdk-20.0.2\bin\prism_d3d.dll
Event: 1.102 Loaded shared library C:\Users\Chamika\Downloads\openjfx-20.0.2_windows-x64_bin-sdk\javafx-sdk-20.0.2\bin\glass.dll
Event: 1.974 Loaded shared library C:\Users\Chamika\Downloads\openjfx-20.0.2_windows-x64_bin-sdk\javafx-sdk-20.0.2\bin\javafx_font.dll
Event: 3.420 Loaded shared library C:\Users\Chamika\Downloads\openjfx-20.0.2_windows-x64_bin-sdk\javafx-sdk-20.0.2\bin\javafx_iio.dll

Deoptimization events (20 events):
Event: 3.236 Thread 0x000001f2f0d31460 Uncommon trap: trap_request=0xffffff45 fr.pc=0x000001f2e03219b4 relative=0x00000000000002f4
Event: 3.236 Thread 0x000001f2f0d31460 Uncommon trap: reason=unstable_if action=reinterpret pc=0x000001f2e03219b4 method=java.util.HashMap.hash(Ljava/lang/Object;)I @ 1 c2
Event: 3.236 Thread 0x000001f2f0d31460 DEOPT PACKING pc=0x000001f2e03219b4 sp=0x000000315a1fcc80
Event: 3.236 Thread 0x000001f2f0d31460 DEOPT UNPACKING pc=0x000001f2dfd89d22 sp=0x000000315a1fcb78 mode 2
Event: 4.097 Thread 0x000001f2f0d31460 Uncommon trap: trap_request=0xffffffc6 fr.pc=0x000001f2e032a634 relative=0x0000000000000e14
Event: 4.097 Thread 0x000001f2f0d31460 Uncommon trap: reason=bimorphic_or_optimized_type_check action=maybe_recompile pc=0x000001f2e032a634 method=java.io.DataInputStream.readFully([BII)V @ 30 c2
Event: 4.097 Thread 0x000001f2f0d31460 DEOPT PACKING pc=0x000001f2e032a634 sp=0x000000315a1fd6b0
Event: 4.097 Thread 0x000001f2f0d31460 DEOPT UNPACKING pc=0x000001f2dfd89d22 sp=0x000000315a1fd6a8 mode 2
Event: 4.097 Thread 0x000001f2f0d31460 Uncommon trap: trap_request=0xffffff45 fr.pc=0x000001f2e0322054 relative=0x00000000000001d4
Event: 4.097 Thread 0x000001f2f0d31460 Uncommon trap: reason=unstable_if action=reinterpret pc=0x000001f2e0322054 method=java.io.ByteArrayInputStream.read()I @ 8 c2
Event: 4.097 Thread 0x000001f2f0d31460 DEOPT PACKING pc=0x000001f2e0322054 sp=0x000000315a1fd630
Event: 4.097 Thread 0x000001f2f0d31460 DEOPT UNPACKING pc=0x000001f2dfd89d22 sp=0x000000315a1fd5d8 mode 2
Event: 4.232 Thread 0x000001f2f0d31460 Uncommon trap: trap_request=0xffffff45 fr.pc=0x000001f2e0340f84 relative=0x0000000000000084
Event: 4.232 Thread 0x000001f2f0d31460 Uncommon trap: reason=unstable_if action=reinterpret pc=0x000001f2e0340f84 method=jdk.internal.misc.Unsafe.convEndian(ZI)I @ 4 c2
Event: 4.232 Thread 0x000001f2f0d31460 DEOPT PACKING pc=0x000001f2e0340f84 sp=0x000000315a1fd400
Event: 4.232 Thread 0x000001f2f0d31460 DEOPT UNPACKING pc=0x000001f2dfd89d22 sp=0x000000315a1fd308 mode 2
Event: 5.519 Thread 0x000001f2f0d31460 Uncommon trap: trap_request=0xffffff45 fr.pc=0x000001f2e037d0ec relative=0x000000000000622c
Event: 5.519 Thread 0x000001f2f0d31460 Uncommon trap: reason=unstable_if action=reinterpret pc=0x000001f2e037d0ec method=javafx.css.CssLexer.getToken()Lcom/sun/javafx/css/parser/Token; @ 205 c2
Event: 5.519 Thread 0x000001f2f0d31460 DEOPT PACKING pc=0x000001f2e037d0ec sp=0x000000315a1fd550
Event: 5.519 Thread 0x000001f2f0d31460 DEOPT UNPACKING pc=0x000001f2dfd89d22 sp=0x000000315a1fd548 mode 2

Classes loaded (20 events):
Event: 3.381 Loading class java/math/BigDecimal
Event: 3.382 Loading class java/math/BigDecimal done
Event: 3.402 Loading class java/io/SequenceInputStream
Event: 3.402 Loading class java/io/SequenceInputStream done
Event: 4.047 Loading class java/nio/FloatBuffer
Event: 4.047 Loading class java/nio/FloatBuffer done
Event: 4.169 Loading class com/sun/org/apache/xerces/internal/impl/io/MalformedByteSequenceException
Event: 4.169 Loading class java/io/CharConversionException
Event: 4.169 Loading class java/io/CharConversionException done
Event: 4.169 Loading class com/sun/org/apache/xerces/internal/impl/io/MalformedByteSequenceException done
Event: 4.176 Loading class java/io/CharArrayReader
Event: 4.176 Loading class java/io/CharArrayReader done
Event: 4.231 Loading class java/security/DigestInputStream
Event: 4.231 Loading class java/security/DigestInputStream done
Event: 4.231 Loading class sun/security/provider/MD5
Event: 4.231 Loading class sun/security/provider/MD5 done
Event: 4.232 Loading class sun/security/provider/ByteArrayAccess$LE
Event: 4.232 Loading class sun/security/provider/ByteArrayAccess$LE done
Event: 6.331 Loading class jdk/internal/misc/Signal$1
Event: 6.331 Loading class jdk/internal/misc/Signal$1 done

Classes unloaded (0 events):
No events

Classes redefined (0 events):
No events

Internal exceptions (20 events):
Event: 3.006 Thread 0x000001f2f0d31460 Implicit null exception at 0x000001f2e02f0b46 to 0x000001f2e02f0bda
Event: 3.042 Thread 0x000001f2f0d31460 Implicit null exception at 0x000001f2e032291a to 0x000001f2e0322ba4
Event: 3.087 Thread 0x000001f2f0d31460 Exception <a 'java/lang/NoSuchMethodError'{0x000000008bf15f50}: 'void java.lang.invoke.DirectMethodHandle$Holder.invokeSpecial(java.lang.Object, java.lang.Object, double)'> (0x000000008bf15f50) 
thrown [s\open\src\hotspot\share\interpreter\linkResolver.cpp, line 773]
Event: 3.090 Thread 0x000001f2f0d31460 Exception <a 'java/lang/NoSuchMethodError'{0x000000008bf20e78}: 'double java.lang.invoke.DelegatingMethodHandle$Holder.reinvoke_L(java.lang.Object, java.lang.Object, int)'> (0x000000008bf20e78) 
thrown [s\open\src\hotspot\share\interpreter\linkResolver.cpp, line 773]
Event: 3.093 Thread 0x000001f2f0d31460 Exception <a 'java/lang/NoSuchMethodError'{0x000000008bf31fa8}: 'java.lang.Object java.lang.invoke.DirectMethodHandle$Holder.invokeStatic(java.lang.Object, java.lang.Object, java.lang.Object, java.lang.Object, int)'> (0x000000008bf31fa8) 
thrown [s\open\src\hotspot\share\interpreter\linkResolver.cpp, line 773]
Event: 3.094 Thread 0x000001f2f0d31460 Exception <a 'java/lang/NoSuchMethodError'{0x000000008bf3cee8}: 'void java.lang.invoke.DelegatingMethodHandle$Holder.reinvoke_L(java.lang.Object, java.lang.Object, double)'> (0x000000008bf3cee8) 
thrown [s\open\src\hotspot\share\interpreter\linkResolver.cpp, line 773]
Event: 3.236 Thread 0x000001f2f0d31460 Implicit null exception at 0x000001f2e032171c to 0x000001f2e032199c
Event: 3.299 Thread 0x000001f2f0d31460 Exception <a 'java/lang/NoSuchMethodError'{0x000000008bc83210}: 'java.lang.Object java.lang.invoke.DelegatingMethodHandle$Holder.reinvoke_L(java.lang.Object, double, double, double, double)'> (0x000000008bc83210) 
thrown [s\open\src\hotspot\share\interpreter\linkResolver.cpp, line 773]
Event: 3.302 Thread 0x000001f2f0d31460 Exception <a 'java/lang/NoSuchMethodError'{0x000000008bc8df50}: 'java.lang.Object java.lang.invoke.DirectMethodHandle$Holder.invokeStatic(java.lang.Object, java.lang.Object, int)'> (0x000000008bc8df50) 
thrown [s\open\src\hotspot\share\interpreter\linkResolver.cpp, line 773]
Event: 3.302 Thread 0x000001f2f0d31460 Exception <a 'java/lang/NoSuchMethodError'{0x000000008bc91b28}: 'void java.lang.invoke.DirectMethodHandle$Holder.invokeStatic(java.lang.Object, java.lang.Object, int, java.lang.Object)'> (0x000000008bc91b28) 
thrown [s\open\src\hotspot\share\interpreter\linkResolver.cpp, line 773]
Event: 3.303 Thread 0x000001f2f0d31460 Exception <a 'java/lang/NoSuchMethodError'{0x000000008bc98598}: 'void java.lang.invoke.DelegatingMethodHandle$Holder.delegate(java.lang.Object, java.lang.Object, int, java.lang.Object)'> (0x000000008bc98598) 
thrown [s\open\src\hotspot\share\interpreter\linkResolver.cpp, line 773]
Event: 3.304 Thread 0x000001f2f0d31460 Exception <a 'java/lang/NoSuchMethodError'{0x000000008bc9c528}: 'int java.lang.invoke.DirectMethodHandle$Holder.invokeSpecial(java.lang.Object, java.lang.Object, java.lang.Object)'> (0x000000008bc9c528) 
thrown [s\open\src\hotspot\share\interpreter\linkResolver.cpp, line 773]
Event: 3.305 Thread 0x000001f2f0d31460 Exception <a 'java/lang/NoSuchMethodError'{0x000000008bca4ab8}: 'java.lang.Object java.lang.invoke.DirectMethodHandle$Holder.newInvokeSpecial(java.lang.Object, double, java.lang.Object)'> (0x000000008bca4ab8) 
thrown [s\open\src\hotspot\share\interpreter\linkResolver.cpp, line 773]
Event: 3.306 Thread 0x000001f2f0d31460 Exception <a 'java/lang/NoSuchMethodError'{0x000000008bca8b38}: 'java.lang.Object java.lang.invoke.DelegatingMethodHandle$Holder.reinvoke_L(java.lang.Object, double, java.lang.Object)'> (0x000000008bca8b38) 
thrown [s\open\src\hotspot\share\interpreter\linkResolver.cpp, line 773]
Event: 3.311 Thread 0x000001f2f0d31460 Exception <a 'java/lang/NoSuchMethodError'{0x000000008bcc1088}: 'int java.lang.invoke.DirectMethodHandle$Holder.invokeSpecial(java.lang.Object, java.lang.Object, java.lang.Object, int)'> (0x000000008bcc1088) 
thrown [s\open\src\hotspot\share\interpreter\linkResolver.cpp, line 773]
Event: 3.314 Thread 0x000001f2f0d31460 Exception <a 'java/lang/NoSuchMethodError'{0x000000008bccb5e8}: 'java.lang.Object java.lang.invoke.DelegatingMethodHandle$Holder.reinvoke_L(java.lang.Object, double, double, double, double, int, java.lang.Object, java.lang.Object)'> (0x000000008bccb5e8) 
thrown [s\open\src\hotspot\share\interpreter\linkResolver.cpp, line 773]
Event: 4.066 Thread 0x000001f2f0d31460 Exception <a 'java/lang/NoSuchMethodError'{0x000000008b9112f0}: 'void java.lang.invoke.DirectMethodHandle$Holder.invokeSpecial(java.lang.Object, java.lang.Object, int)'> (0x000000008b9112f0) 
thrown [s\open\src\hotspot\share\interpreter\linkResolver.cpp, line 773]
Event: 4.067 Thread 0x000001f2f0d31460 Exception <a 'java/lang/NoSuchMethodError'{0x000000008b918010}: 'void java.lang.invoke.DelegatingMethodHandle$Holder.reinvoke_L(java.lang.Object, java.lang.Object, int)'> (0x000000008b918010) 
thrown [s\open\src\hotspot\share\interpreter\linkResolver.cpp, line 773]
Event: 4.171 Thread 0x000001f2f0d31460 Exception <a 'java/io/FileNotFoundException'{0x000000008b9c2ee8}> (0x000000008b9c2ee8) 
thrown [s\open\src\hotspot\share\prims\jni.cpp, line 519]
Event: 5.518 Thread 0x000001f2f0d31460 Exception <a 'java/io/FileNotFoundException'{0x000000008b6e9328}> (0x000000008b6e9328) 
thrown [s\open\src\hotspot\share\prims\jni.cpp, line 519]

VM Operations (20 events):
Event: 1.879 Executing VM operation: HandshakeAllThreads
Event: 1.879 Executing VM operation: HandshakeAllThreads done
Event: 1.880 Executing VM operation: HandshakeAllThreads
Event: 1.880 Executing VM operation: HandshakeAllThreads done
Event: 2.021 Executing VM operation: G1CollectForAllocation
Event: 2.034 Executing VM operation: G1CollectForAllocation done
Event: 2.409 Executing VM operation: HandshakeAllThreads
Event: 2.409 Executing VM operation: HandshakeAllThreads done
Event: 2.521 Executing VM operation: HandshakeAllThreads
Event: 2.521 Executing VM operation: HandshakeAllThreads done
Event: 2.858 Executing VM operation: HandshakeAllThreads
Event: 2.858 Executing VM operation: HandshakeAllThreads done
Event: 3.301 Executing VM operation: HandshakeAllThreads
Event: 3.301 Executing VM operation: HandshakeAllThreads done
Event: 3.301 Executing VM operation: Cleanup
Event: 3.301 Executing VM operation: Cleanup done
Event: 5.300 Executing VM operation: Cleanup
Event: 5.300 Executing VM operation: Cleanup done
Event: 6.300 Executing VM operation: Cleanup
Event: 6.301 Executing VM operation: Cleanup done

Events (20 events):
Event: 0.573 Thread 0x000001f2f0e15d30 Thread added: 0x000001f2f0e15d30
Event: 0.817 Thread 0x000001f2f0e15d30 Thread exited: 0x000001f2f0e15d30
Event: 0.985 Thread 0x000001f2f0f05b80 Thread added: 0x000001f2f0f05b80
Event: 1.107 Thread 0x000001f2f0a85520 Thread added: 0x000001f2f0a85520
Event: 1.115 Thread 0x000001f2f0d31460 Thread added: 0x000001f2f0d31460
Event: 1.332 Thread 0x000001f2f101bb40 Thread added: 0x000001f2f101bb40
Event: 2.034 Thread 0x000001f2f628e660 Thread added: 0x000001f2f628e660
Event: 2.808 Thread 0x000001f2f101e070 Thread added: 0x000001f2f101e070
Event: 3.159 Thread 0x000001f2f628e660 Thread exited: 0x000001f2f628e660
Event: 4.243 Thread 0x000001f2f6ce83b0 Thread added: 0x000001f2f6ce83b0
Event: 4.377 Thread 0x000001f2f6ce83b0 Thread exited: 0x000001f2f6ce83b0
Event: 4.837 Thread 0x000001f2f6ce83b0 Thread added: 0x000001f2f6ce83b0
Event: 5.484 Thread 0x000001f2f6ce83b0 Thread exited: 0x000001f2f6ce83b0
Event: 6.331 Thread 0x000001f2f101d5d0 Thread added: 0x000001f2f101d5d0
Event: 6.332 Thread 0x000001f2f101eb10 Thread added: 0x000001f2f101eb10
Event: 6.332 Thread 0x000001f2f101f060 Thread added: 0x000001f2f101f060
Event: 6.333 Thread 0x000001f2f101db20 Thread added: 0x000001f2f101db20
Event: 6.335 Thread 0x000001f2f101db20 Thread exited: 0x000001f2f101db20
Event: 6.337 Thread 0x000001f2f101f060 Thread exited: 0x000001f2f101f060
Event: 6.364 Thread 0x000001f2f0f05b80 Thread exited: 0x000001f2f0f05b80


Dynamic libraries:
0x00007ff723780000 - 0x00007ff72378e000 	C:\Users\Chamika\.jdks\openjdk-20.0.2\bin\java.exe
0x00007ff8a1770000 - 0x00007ff8a1987000 	C:\WINDOWS\SYSTEM32\ntdll.dll
0x00007ff8a08e0000 - 0x00007ff8a09a4000 	C:\WINDOWS\System32\KERNEL32.DLL
0x00007ff89ec00000 - 0x00007ff89efa5000 	C:\WINDOWS\System32\KERNELBASE.dll
0x00007ff89eae0000 - 0x00007ff89ebf1000 	C:\WINDOWS\System32\ucrtbase.dll
0x00007ff896cd0000 - 0x00007ff896ce7000 	C:\Users\Chamika\.jdks\openjdk-20.0.2\bin\jli.dll
0x00007ff896cb0000 - 0x00007ff896ccb000 	C:\Users\Chamika\.jdks\openjdk-20.0.2\bin\VCRUNTIME140.dll
0x00007ff8a0060000 - 0x00007ff8a020e000 	C:\WINDOWS\System32\USER32.dll
0x00007ff89f2b0000 - 0x00007ff89f2d6000 	C:\WINDOWS\System32\win32u.dll
0x00007ff8a1160000 - 0x00007ff8a1189000 	C:\WINDOWS\System32\GDI32.dll
0x00007ff88de30000 - 0x00007ff88e0c3000 	C:\WINDOWS\WinSxS\amd64_microsoft.windows.common-controls_6595b64144ccf1df_6.0.22621.2506_none_270c5ae97388e100\COMCTL32.dll
0x00007ff89f0d0000 - 0x00007ff89f1e9000 	C:\WINDOWS\System32\gdi32full.dll
0x00007ff8a10b0000 - 0x00007ff8a1157000 	C:\WINDOWS\System32\msvcrt.dll
0x00007ff89f030000 - 0x00007ff89f0ca000 	C:\WINDOWS\System32\msvcp_win.dll
0x00007ff89fdd0000 - 0x00007ff89fe01000 	C:\WINDOWS\System32\IMM32.DLL
0x00007ff899ae0000 - 0x00007ff899aec000 	C:\Users\Chamika\.jdks\openjdk-20.0.2\bin\vcruntime140_1.dll
0x00007ff8774e0000 - 0x00007ff87756e000 	C:\Users\Chamika\.jdks\openjdk-20.0.2\bin\msvcp140.dll
0x00007ff839500000 - 0x00007ff83a198000 	C:\Users\Chamika\.jdks\openjdk-20.0.2\bin\server\jvm.dll
0x00007ff8a0700000 - 0x00007ff8a07b1000 	C:\WINDOWS\System32\ADVAPI32.dll
0x00007ff8a0f30000 - 0x00007ff8a0fd6000 	C:\WINDOWS\System32\sechost.dll
0x00007ff8a0e10000 - 0x00007ff8a0f27000 	C:\WINDOWS\System32\RPCRT4.dll
0x00007ff884a70000 - 0x00007ff884a79000 	C:\WINDOWS\SYSTEM32\WSOCK32.dll
0x00007ff8a0d90000 - 0x00007ff8a0e01000 	C:\WINDOWS\System32\WS2_32.dll
0x00007ff896b50000 - 0x00007ff896b84000 	C:\WINDOWS\SYSTEM32\WINMM.dll
0x00007ff896840000 - 0x00007ff89684a000 	C:\WINDOWS\SYSTEM32\VERSION.dll
0x00007ff89da40000 - 0x00007ff89da58000 	C:\WINDOWS\SYSTEM32\kernel.appcore.dll
0x00007ff897350000 - 0x00007ff89735a000 	C:\Users\Chamika\.jdks\openjdk-20.0.2\bin\jimage.dll
0x00007ff89c480000 - 0x00007ff89c6b3000 	C:\WINDOWS\SYSTEM32\DBGHELP.DLL
0x00007ff8a0370000 - 0x00007ff8a06f9000 	C:\WINDOWS\System32\combase.dll
0x00007ff8a07c0000 - 0x00007ff8a0897000 	C:\WINDOWS\System32\OLEAUT32.dll
0x00007ff88fb10000 - 0x00007ff88fb42000 	C:\WINDOWS\SYSTEM32\dbgcore.DLL
0x00007ff89efb0000 - 0x00007ff89f02a000 	C:\WINDOWS\System32\bcryptPrimitives.dll
0x00007ff896ca0000 - 0x00007ff896cae000 	C:\Users\Chamika\.jdks\openjdk-20.0.2\bin\instrument.dll
0x00007ff88f010000 - 0x00007ff88f036000 	C:\Users\Chamika\.jdks\openjdk-20.0.2\bin\java.dll
0x00007ff877400000 - 0x00007ff8774d7000 	C:\Users\Chamika\.jdks\openjdk-20.0.2\bin\jsvml.dll
0x00007ff89f570000 - 0x00007ff89fdc9000 	C:\WINDOWS\System32\SHELL32.dll
0x00007ff89c9b0000 - 0x00007ff89d2a4000 	C:\WINDOWS\SYSTEM32\windows.storage.dll
0x00007ff89c870000 - 0x00007ff89c9ae000 	C:\WINDOWS\SYSTEM32\wintypes.dll
0x00007ff89fe10000 - 0x00007ff89ff03000 	C:\WINDOWS\System32\SHCORE.dll
0x00007ff8a0220000 - 0x00007ff8a027e000 	C:\WINDOWS\System32\shlwapi.dll
0x00007ff89ea10000 - 0x00007ff89ea36000 	C:\WINDOWS\SYSTEM32\profapi.dll
0x00007ff895a50000 - 0x00007ff895a68000 	C:\Users\Chamika\.jdks\openjdk-20.0.2\bin\zip.dll
0x00007ff88d890000 - 0x00007ff88d8a3000 	C:\Users\Chamika\.jdks\openjdk-20.0.2\bin\net.dll
0x00007ff8964f0000 - 0x00007ff896627000 	C:\WINDOWS\SYSTEM32\WINHTTP.dll
0x00007ff89df10000 - 0x00007ff89df79000 	C:\WINDOWS\system32\mswsock.dll
0x00007ff88d240000 - 0x00007ff88d256000 	C:\Users\Chamika\.jdks\openjdk-20.0.2\bin\nio.dll
0x00007ff88d010000 - 0x00007ff88d02a000 	C:\Program Files\JetBrains\IntelliJ IDEA 2023.1.4\bin\breakgen64.dll
0x00007ff896c90000 - 0x00007ff896c97000 	C:\Users\Chamika\.jdks\openjdk-20.0.2\bin\extnet.dll
0x000001f2d06c0000 - 0x000001f2d06c3000 	C:\Users\Chamika\Downloads\openjfx-20.0.2_windows-x64_bin-sdk\javafx-sdk-20.0.2\bin\api-ms-win-core-console-l1-1-0.dll
0x000001f2d06d0000 - 0x000001f2d06d3000 	C:\Users\Chamika\Downloads\openjfx-20.0.2_windows-x64_bin-sdk\javafx-sdk-20.0.2\bin\api-ms-win-core-console-l1-2-0.dll
0x000001f2d06e0000 - 0x000001f2d06e3000 	C:\Users\Chamika\Downloads\openjfx-20.0.2_windows-x64_bin-sdk\javafx-sdk-20.0.2\bin\api-ms-win-core-datetime-l1-1-0.dll
0x000001f2ec790000 - 0x000001f2ec793000 	C:\Users\Chamika\Downloads\openjfx-20.0.2_windows-x64_bin-sdk\javafx-sdk-20.0.2\bin\api-ms-win-core-debug-l1-1-0.dll
0x000001f2ec7a0000 - 0x000001f2ec7a3000 	C:\Users\Chamika\Downloads\openjfx-20.0.2_windows-x64_bin-sdk\javafx-sdk-20.0.2\bin\api-ms-win-core-errorhandling-l1-1-0.dll
0x000001f2ec7b0000 - 0x000001f2ec7b4000 	C:\Users\Chamika\Downloads\openjfx-20.0.2_windows-x64_bin-sdk\javafx-sdk-20.0.2\bin\api-ms-win-core-file-l1-1-0.dll
0x000001f2ec7c0000 - 0x000001f2ec7c3000 	C:\Users\Chamika\Downloads\openjfx-20.0.2_windows-x64_bin-sdk\javafx-sdk-20.0.2\bin\api-ms-win-core-file-l1-2-0.dll
0x000001f2ec7d0000 - 0x000001f2ec7d3000 	C:\Users\Chamika\Downloads\openjfx-20.0.2_windows-x64_bin-sdk\javafx-sdk-20.0.2\bin\api-ms-win-core-file-l2-1-0.dll
0x000001f2ec7e0000 - 0x000001f2ec7e3000 	C:\Users\Chamika\Downloads\openjfx-20.0.2_windows-x64_bin-sdk\javafx-sdk-20.0.2\bin\api-ms-win-core-handle-l1-1-0.dll
0x000001f2ec7f0000 - 0x000001f2ec7f3000 	C:\Users\Chamika\Downloads\openjfx-20.0.2_windows-x64_bin-sdk\javafx-sdk-20.0.2\bin\api-ms-win-core-heap-l1-1-0.dll
0x000001f2f1500000 - 0x000001f2f1503000 	C:\Users\Chamika\Downloads\openjfx-20.0.2_windows-x64_bin-sdk\javafx-sdk-20.0.2\bin\api-ms-win-core-interlocked-l1-1-0.dll
0x000001f2f1510000 - 0x000001f2f1513000 	C:\Users\Chamika\Downloads\openjfx-20.0.2_windows-x64_bin-sdk\javafx-sdk-20.0.2\bin\api-ms-win-core-libraryloader-l1-1-0.dll
0x000001f2f1520000 - 0x000001f2f1523000 	C:\Users\Chamika\Downloads\openjfx-20.0.2_windows-x64_bin-sdk\javafx-sdk-20.0.2\bin\api-ms-win-core-localization-l1-2-0.dll
0x000001f2f1530000 - 0x000001f2f1533000 	C:\Users\Chamika\Downloads\openjfx-20.0.2_windows-x64_bin-sdk\javafx-sdk-20.0.2\bin\api-ms-win-core-memory-l1-1-0.dll
0x000001f2f1540000 - 0x000001f2f1543000 	C:\Users\Chamika\Downloads\openjfx-20.0.2_windows-x64_bin-sdk\javafx-sdk-20.0.2\bin\api-ms-win-core-namedpipe-l1-1-0.dll
0x000001f2f1550000 - 0x000001f2f1553000 	C:\Users\Chamika\Downloads\openjfx-20.0.2_windows-x64_bin-sdk\javafx-sdk-20.0.2\bin\api-ms-win-core-processenvironment-l1-1-0.dll
0x000001f2f1560000 - 0x000001f2f1563000 	C:\Users\Chamika\Downloads\openjfx-20.0.2_windows-x64_bin-sdk\javafx-sdk-20.0.2\bin\api-ms-win-core-processthreads-l1-1-0.dll
0x000001f2f1570000 - 0x000001f2f1573000 	C:\Users\Chamika\Downloads\openjfx-20.0.2_windows-x64_bin-sdk\javafx-sdk-20.0.2\bin\api-ms-win-core-processthreads-l1-1-1.dll
0x000001f2f1580000 - 0x000001f2f1583000 	C:\Users\Chamika\Downloads\openjfx-20.0.2_windows-x64_bin-sdk\javafx-sdk-20.0.2\bin\api-ms-win-core-profile-l1-1-0.dll
0x000001f2f1590000 - 0x000001f2f1593000 	C:\Users\Chamika\Downloads\openjfx-20.0.2_windows-x64_bin-sdk\javafx-sdk-20.0.2\bin\api-ms-win-core-rtlsupport-l1-1-0.dll
0x000001f2f15a0000 - 0x000001f2f15a3000 	C:\Users\Chamika\Downloads\openjfx-20.0.2_windows-x64_bin-sdk\javafx-sdk-20.0.2\bin\api-ms-win-core-string-l1-1-0.dll
0x000001f2f15b0000 - 0x000001f2f15b3000 	C:\Users\Chamika\Downloads\openjfx-20.0.2_windows-x64_bin-sdk\javafx-sdk-20.0.2\bin\api-ms-win-core-synch-l1-1-0.dll
0x000001f2f15c0000 - 0x000001f2f15c3000 	C:\Users\Chamika\Downloads\openjfx-20.0.2_windows-x64_bin-sdk\javafx-sdk-20.0.2\bin\api-ms-win-core-synch-l1-2-0.dll
0x000001f2f15d0000 - 0x000001f2f15d3000 	C:\Users\Chamika\Downloads\openjfx-20.0.2_windows-x64_bin-sdk\javafx-sdk-20.0.2\bin\api-ms-win-core-sysinfo-l1-1-0.dll
0x000001f2f15e0000 - 0x000001f2f15e3000 	C:\Users\Chamika\Downloads\openjfx-20.0.2_windows-x64_bin-sdk\javafx-sdk-20.0.2\bin\api-ms-win-core-timezone-l1-1-0.dll
0x000001f2f15f0000 - 0x000001f2f15f3000 	C:\Users\Chamika\Downloads\openjfx-20.0.2_windows-x64_bin-sdk\javafx-sdk-20.0.2\bin\api-ms-win-core-util-l1-1-0.dll
0x000001f2f1600000 - 0x000001f2f1603000 	C:\Users\Chamika\Downloads\openjfx-20.0.2_windows-x64_bin-sdk\javafx-sdk-20.0.2\bin\api-ms-win-crt-conio-l1-1-0.dll
0x000001f2f1610000 - 0x000001f2f1614000 	C:\Users\Chamika\Downloads\openjfx-20.0.2_windows-x64_bin-sdk\javafx-sdk-20.0.2\bin\api-ms-win-crt-convert-l1-1-0.dll
0x000001f2f1620000 - 0x000001f2f1623000 	C:\Users\Chamika\Downloads\openjfx-20.0.2_windows-x64_bin-sdk\javafx-sdk-20.0.2\bin\api-ms-win-crt-environment-l1-1-0.dll
0x000001f2f1630000 - 0x000001f2f1633000 	C:\Users\Chamika\Downloads\openjfx-20.0.2_windows-x64_bin-sdk\javafx-sdk-20.0.2\bin\api-ms-win-crt-filesystem-l1-1-0.dll
0x000001f2f1640000 - 0x000001f2f1643000 	C:\Users\Chamika\Downloads\openjfx-20.0.2_windows-x64_bin-sdk\javafx-sdk-20.0.2\bin\api-ms-win-crt-heap-l1-1-0.dll
0x000001f2f1650000 - 0x000001f2f1653000 	C:\Users\Chamika\Downloads\openjfx-20.0.2_windows-x64_bin-sdk\javafx-sdk-20.0.2\bin\api-ms-win-crt-locale-l1-1-0.dll
0x000001f2f1660000 - 0x000001f2f1665000 	C:\Users\Chamika\Downloads\openjfx-20.0.2_windows-x64_bin-sdk\javafx-sdk-20.0.2\bin\api-ms-win-crt-math-l1-1-0.dll
0x000001f2f1670000 - 0x000001f2f1675000 	C:\Users\Chamika\Downloads\openjfx-20.0.2_windows-x64_bin-sdk\javafx-sdk-20.0.2\bin\api-ms-win-crt-multibyte-l1-1-0.dll
0x000001f2f1680000 - 0x000001f2f1690000 	C:\Users\Chamika\Downloads\openjfx-20.0.2_windows-x64_bin-sdk\javafx-sdk-20.0.2\bin\api-ms-win-crt-private-l1-1-0.dll
0x000001f2f16b0000 - 0x000001f2f16b3000 	C:\Users\Chamika\Downloads\openjfx-20.0.2_windows-x64_bin-sdk\javafx-sdk-20.0.2\bin\api-ms-win-crt-process-l1-1-0.dll
0x000001f2f1690000 - 0x000001f2f1694000 	C:\Users\Chamika\Downloads\openjfx-20.0.2_windows-x64_bin-sdk\javafx-sdk-20.0.2\bin\api-ms-win-crt-runtime-l1-1-0.dll
0x000001f2f16a0000 - 0x000001f2f16a4000 	C:\Users\Chamika\Downloads\openjfx-20.0.2_windows-x64_bin-sdk\javafx-sdk-20.0.2\bin\api-ms-win-crt-stdio-l1-1-0.dll
0x000001f2f16c0000 - 0x000001f2f16c4000 	C:\Users\Chamika\Downloads\openjfx-20.0.2_windows-x64_bin-sdk\javafx-sdk-20.0.2\bin\api-ms-win-crt-string-l1-1-0.dll
0x000001f2f16d0000 - 0x000001f2f16d3000 	C:\Users\Chamika\Downloads\openjfx-20.0.2_windows-x64_bin-sdk\javafx-sdk-20.0.2\bin\api-ms-win-crt-time-l1-1-0.dll
0x000001f2f16e0000 - 0x000001f2f16e3000 	C:\Users\Chamika\Downloads\openjfx-20.0.2_windows-x64_bin-sdk\javafx-sdk-20.0.2\bin\api-ms-win-crt-utility-l1-1-0.dll
0x00007ff877300000 - 0x00007ff8773fc000 	C:\Users\Chamika\Downloads\openjfx-20.0.2_windows-x64_bin-sdk\javafx-sdk-20.0.2\bin\ucrtbase.dll
0x00007ff88c740000 - 0x00007ff88c75b000 	C:\Users\Chamika\Downloads\openjfx-20.0.2_windows-x64_bin-sdk\javafx-sdk-20.0.2\bin\vcruntime140.dll
0x00007ff896c70000 - 0x00007ff896c7c000 	C:\Users\Chamika\Downloads\openjfx-20.0.2_windows-x64_bin-sdk\javafx-sdk-20.0.2\bin\vcruntime140_1.dll
0x00007ff877270000 - 0x00007ff8772fe000 	C:\Users\Chamika\Downloads\openjfx-20.0.2_windows-x64_bin-sdk\javafx-sdk-20.0.2\bin\msvcp140.dll
0x00007ff895a30000 - 0x00007ff895a39000 	C:\Users\Chamika\Downloads\openjfx-20.0.2_windows-x64_bin-sdk\javafx-sdk-20.0.2\bin\msvcp140_1.dll
0x00007ff88c710000 - 0x00007ff88c740000 	C:\Users\Chamika\Downloads\openjfx-20.0.2_windows-x64_bin-sdk\javafx-sdk-20.0.2\bin\msvcp140_2.dll
0x00007ff88b1a0000 - 0x00007ff88b1cf000 	C:\Users\Chamika\Downloads\openjfx-20.0.2_windows-x64_bin-sdk\javafx-sdk-20.0.2\bin\prism_d3d.dll
0x00007ff87fb70000 - 0x00007ff87fd19000 	C:\WINDOWS\system32\d3d9.dll
0x00007ff89bee0000 - 0x00007ff89bf0b000 	C:\WINDOWS\SYSTEM32\dwmapi.dll
0x00007ff89bd90000 - 0x00007ff89bdc6000 	C:\WINDOWS\SYSTEM32\dxcore.dll
0x00007ff89bc70000 - 0x00007ff89bd1b000 	C:\WINDOWS\system32\uxtheme.dll
0x00007ff8a0a20000 - 0x00007ff8a0bc0000 	C:\WINDOWS\System32\ole32.dll
0x00007ff899990000 - 0x00007ff8999da000 	C:\WINDOWS\SYSTEM32\directxdatabasehelper.dll
0x00007ff88a6e0000 - 0x00007ff88a722000 	C:\Users\Chamika\Downloads\openjfx-20.0.2_windows-x64_bin-sdk\javafx-sdk-20.0.2\bin\glass.dll
0x00007ff8a1190000 - 0x00007ff8a1289000 	C:\WINDOWS\System32\COMDLG32.dll
0x00007ff89ff10000 - 0x00007ff8a005f000 	C:\WINDOWS\System32\MSCTF.dll
0x00007ff88c6f0000 - 0x00007ff88c704000 	C:\Users\Chamika\Downloads\openjfx-20.0.2_windows-x64_bin-sdk\javafx-sdk-20.0.2\bin\javafx_font.dll
0x00007ff89a680000 - 0x00007ff89a8f3000 	C:\WINDOWS\SYSTEM32\dwrite.dll
0x00007ff89e260000 - 0x00007ff89e27b000 	C:\WINDOWS\SYSTEM32\CRYPTSP.dll
0x00007ff89da00000 - 0x00007ff89da35000 	C:\WINDOWS\system32\rsaenh.dll
0x00007ff89dfb0000 - 0x00007ff89dfdc000 	C:\WINDOWS\SYSTEM32\USERENV.dll
0x00007ff89e3a0000 - 0x00007ff89e3c8000 	C:\WINDOWS\SYSTEM32\bcrypt.dll
0x00007ff89e240000 - 0x00007ff89e24c000 	C:\WINDOWS\SYSTEM32\CRYPTBASE.dll
0x00007ff89d510000 - 0x00007ff89d53d000 	C:\WINDOWS\SYSTEM32\IPHLPAPI.DLL
0x00007ff8a0210000 - 0x00007ff8a0219000 	C:\WINDOWS\System32\NSI.dll
0x00007ff8966e0000 - 0x00007ff8966f9000 	C:\WINDOWS\SYSTEM32\dhcpcsvc6.DLL
0x00007ff8964d0000 - 0x00007ff8964ef000 	C:\WINDOWS\SYSTEM32\dhcpcsvc.DLL
0x00007ff89d580000 - 0x00007ff89d679000 	C:\WINDOWS\SYSTEM32\DNSAPI.dll
0x00007ff877240000 - 0x00007ff87726d000 	C:\Users\Chamika\Downloads\openjfx-20.0.2_windows-x64_bin-sdk\javafx-sdk-20.0.2\bin\javafx_iio.dll
0x00007ff89f4c0000 - 0x00007ff89f570000 	C:\WINDOWS\System32\clbcatq.dll
0x00007ff89a4d0000 - 0x00007ff89a680000 	C:\WINDOWS\SYSTEM32\WindowsCodecs.dll
0x00007ff8893c0000 - 0x00007ff88941e000 	C:\WINDOWS\system32\dataexchange.dll
0x00007ff8980c0000 - 0x00007ff898345000 	C:\WINDOWS\system32\twinapi.appcore.dll
0x00007ff877a70000 - 0x00007ff877aa2000 	C:\Program Files\Common Files\Microsoft Shared\Ink\rtscom.dll

dbghelp: loaded successfully - version: 4.0.5 - missing functions: none
symbol engine: initialized successfully - sym options: 0x614 - pdb path: .;C:\Users\Chamika\.jdks\openjdk-20.0.2\bin;C:\WINDOWS\SYSTEM32;C:\WINDOWS\WinSxS\amd64_microsoft.windows.common-controls_6595b64144ccf1df_6.0.22621.2506_none_270c5ae97388e100;C:\Users\Chamika\.jdks\openjdk-20.0.2\bin\server;C:\Program Files\JetBrains\IntelliJ IDEA 2023.1.4\bin;C:\Users\Chamika\Downloads\openjfx-20.0.2_windows-x64_bin-sdk\javafx-sdk-20.0.2\bin;C:\WINDOWS\System32\DriverStore\FileRepository\u0372326.inf_amd64_b91ab8cfa797c6df\B372145;C:\Program Files\Common Files\Microsoft Shared\Ink

VM Arguments:
jvm_args: -javaagent:C:\Program Files\JetBrains\IntelliJ IDEA 2023.1.4\lib\idea_rt.jar=1188:C:\Program Files\JetBrains\IntelliJ IDEA 2023.1.4\bin -Dfile.encoding=UTF-8 -Dsun.stdout.encoding=UTF-8 -Dsun.stderr.encoding=UTF-8 
java_command: lk.ijse.LauncherWrapper
java_class_path (initial): D:\StudioManagementSystem\target\classes;C:\Users\Chamika\.m2\repository\com\github\sarxos\webcam-capture\0.3.12\webcam-capture-0.3.12.jar;C:\Users\Chamika\.m2\repository\com\nativelibs4java\bridj\0.7.0\bridj-0.7.0.jar;C:\Users\Chamika\.m2\repository\org\slf4j\slf4j-api\1.7.2\slf4j-api-1.7.2.jar;C:\Users\Chamika\.m2\repository\com\google\zxing\core\3.4.1\core-3.4.1.jar;C:\Users\Chamika\.m2\repository\com\google\zxing\javase\3.3.0\javase-3.3.0.jar;C:\Users\Chamika\.m2\repository\com\beust\jcommander\1.48\jcommander-1.48.jar;C:\Users\Chamika\.m2\repository\com\github\jai-imageio\jai-imageio-core\1.3.1\jai-imageio-core-1.3.1.jar;C:\Users\Chamika\.m2\repository\net\sf\barcode4j\barcode4j\2.0\barcode4j-2.0.jar;C:\Users\Chamika\.m2\repository\avalon-framework\avalon-framework-impl\4.2.0\avalon-framework-impl-4.2.0.jar;C:\Users\Chamika\.m2\repository\xml-apis\xml-apis\1.3.04\xml-apis-1.3.04.jar;C:\Users\Chamika\.m2\repository\net\sf\jasperreports\jasperreports\6.17.0\jasperreports-6.17.0.jar;C:\Users\Chamika\.m2\repository\commons-beanutils\commons-beanutils\1.9.4\commons-beanutils-1.9.4.jar;C:\Users\Chamika\.m2\repository\commons-collections\commons-collections\3.2.2\commons-collections-3.2.2.jar;C:\Users\Chamika\.m2\repository\commons-digester\commons-digester\2.1\commons-digester-2.1.jar;C:\Users\Chamika\.m2\repository\commons-logging\commons-logging\1.1.1\commons-logging-1.1.1.jar;C:\Users\Chamika\.m2\repository\org\apache\commons\commons-collections4\4.2\commons-collections4-4.2.jar;C:\Users\Chamika\.m2\repository\com\lowagie\itext\2.1.7.js8\itext-2.1.7.js8.jar;C:\Users\Chamika\.m2\repository\org\bouncycastle\bcprov-jdk15on\1.64\bcprov-jdk15on-1.64.jar;C:\Users\Chamika\.m2\repository\org\jfree\jcommon\1.0.23\jcommon-1.0.23.jar;C:\Users\Chamika\.m2\repository\org\jfree\jfreechart\1.0.19\jfreechart-1.0.19.jar;C:\Users\Chamika\.m2\repository\org\eclipse\jdt\ecj\3.21.0\ecj-3.21.0.jar;C:\Users\Chamika\.m2\repository\org\codehaus\castor\castor-xml\1.4.1\castor-xml-1.4.1.jar;C:\Users\Chamika\.m2\repository\org\codehaus\castor\castor-core\1.4.1\castor-core-1.4.1.jar;C:\Users\Chamika\.m2\repository\org\apache\commons\commons-lang3\3.4\commons-lang3-3.4.jar;C:\Users\Chamika\.m2\repository\javax\inject\javax.inject\1\javax.inject-1.jar;C:\Users\Chamika\.m2\repository\com\fasterxml\jackson\core\jackson-core\2.12.2\jackson-core-2.12.2.jar;C:\Users\Chamika\.m2\repository\com\fasterxml\jackson\core\jackson-databind\2.12.2\jackson-databind-2.12.2.jar;C:\Users\Chamika\.m2\repository\com\fasterxml\jackson\core\jackson-annotations\2.12.2\jackson-annotations-2.12.2.jar;C:\Users\Chamika\.m2\repository\io\github\typhon0\AnimateFX\1.2.4\AnimateFX-1.2.4.jar;C:\Users\Chamika\.m2\repository\jakarta\mail\jakarta.mail-api\2.1.1\jakarta.mail-api-2.1.1.jar;C:\Users\Chamika\.m2\repository\jakarta\activation\jakarta.activation-api\2.1.1\jakarta.activation-api-2.1.1.jar;C:\Users\Chamika\.m2\repository\org\eclipse\angus\jakarta.mail\1.0.0\jakarta.mail-1.0.0.jar;C:\Users\Chamika\.m2\repository\org\eclipse\angus\angus-activation\1.0.0\angus-activation-1.0.0.jar;C:\Users\Chamika\.m2\repository\org\controlsfx\controlsfx\11.1.0\controlsfx-11.1.0.jar;C:\Users\Chamika\Downloads\core-3.3.0.jar;C:\Users\Chamika\Downloads\mysql-connector-java-8.0.30.jar;C:\Users\Chamika\Downloads\jfoenix-9.0.1.jar;C:\Users\Chamika\Downloads\openjfx-20.0.2_windows-x64_bin-sdk\javafx-sdk-20.0.2\lib\javafx-swt.jar;C:\Users\Chamika\Downloads\openjfx-20.0.2_windows-x64_bin-sdk\javafx-sdk-20.0.2\lib\javafx.web.jar;C:\Users\Chamika\Downloads\openjfx-20.0.2_windows-x64_bin-sdk\javafx-sdk-20.0.2\lib\TrayTester.jar;C:\Users\Chamika\Downloads\openjfx-20.0.2_windows-x64_bin-sdk\javafx-sdk-20.0.2\lib\javafx.base.jar;C:\Users\Chamika\Downloads\openjfx-20.0.2_windows-x64_bin-sdk\javafx-sdk-20.0.2\lib\javafx.fxml.jar;C:\Users\Chamika\Downloads\openjfx-20.0.2_windows-x64_bin-sdk\javafx-sdk-20.0.2\lib\javafx.media.jar;C:\Users\Chamika\Downloads\openjfx-20.0.2_windows-x64_bin-sdk\javafx-sdk-20.0.2\lib\javafx.swing.jar;C:\Users\Chamika\Downloads\openjfx-20.0.2_windows-x64_bin-sdk\javafx-sdk-20.0.2\lib\AnimateFX-1.2.4.jar;C:\Users\Chamika\Downloads\openjfx-20.0.2_windows-x64_bin-sdk\javafx-sdk-20.0.2\lib\javafx.controls.jar;C:\Users\Chamika\Downloads\openjfx-20.0.2_windows-x64_bin-sdk\javafx-sdk-20.0.2\lib\javafx.graphics.jar;C:\Users\Chamika\Downloads\openjfx-20.0.2_windows-x64_bin-sdk\javafx-sdk-20.0.2\lib\controlsfx-8.40.14.jar;D:\StudioManagementSystem\lib\materialfx-11.13.5.jar;D:\StudioManagementSystem\lib\virtualizedfx-11.2.6.jar
Launcher Type: SUN_STANDARD

[Global flags]
     intx CICompilerCount                          = 3                                         {product} {ergonomic}
     uint ConcGCThreads                            = 1                                         {product} {ergonomic}
     uint G1ConcRefinementThreads                  = 4                                         {product} {ergonomic}
   size_t G1HeapRegionSize                         = 1048576                                   {product} {ergonomic}
    uintx GCDrainStackTargetSize                   = 64                                        {product} {ergonomic}
   size_t InitialHeapSize                          = 130023424                                 {product} {ergonomic}
   size_t MarkStackSize                            = 4194304                                   {product} {ergonomic}
   size_t MaxHeapSize                              = 2065694720                                {product} {ergonomic}
   size_t MaxNewSize                               = 1239416832                                {product} {ergonomic}
   size_t MinHeapDeltaBytes                        = 1048576                                   {product} {ergonomic}
   size_t MinHeapSize                              = 8388608                                   {product} {ergonomic}
    uintx NonNMethodCodeHeapSize                   = 5832780                                {pd product} {ergonomic}
    uintx NonProfiledCodeHeapSize                  = 122912730                              {pd product} {ergonomic}
    uintx ProfiledCodeHeapSize                     = 122912730                              {pd product} {ergonomic}
    uintx ReservedCodeCacheSize                    = 251658240                              {pd product} {ergonomic}
     bool SegmentedCodeCache                       = true                                      {product} {ergonomic}
   size_t SoftMaxHeapSize                          = 2065694720                             {manageable} {ergonomic}
     bool UseCompressedClassPointers               = true                           {product lp64_product} {ergonomic}
     bool UseCompressedOops                        = true                           {product lp64_product} {ergonomic}
     bool UseG1GC                                  = true                                      {product} {ergonomic}
     bool UseLargePagesIndividualAllocation        = false                                  {pd product} {ergonomic}

Logging:
Log output configuration:
 #0: stdout all=warning uptime,level,tags foldmultilines=false
 #1: stderr all=off uptime,level,tags foldmultilines=false

Environment Variables:
PATH=C:\Program Files\Common Files\Oracle\Java\javapath;C:\WINDOWS\system32;C:\WINDOWS;C:\WINDOWS\System32\Wbem;C:\WINDOWS\System32\WindowsPowerShell\v1.0\;C:\WINDOWS\System32\OpenSSH\;C:\Program Files\Git\cmd;C:\Program Files\MySQL\MySQL Server 8.0\bin;C:\Program Files\MySQL\MySQL Shell 8.0\bin\;C:\Users\Chamika\AppData\Local\Microsoft\WindowsApps;
USERNAME=Chamika
OS=Windows_NT
PROCESSOR_IDENTIFIER=AMD64 Family 23 Model 24 Stepping 1, AuthenticAMD
TMP=C:\Users\Chamika\AppData\Local\Temp
TEMP=C:\Users\Chamika\AppData\Local\Temp




---------------  S Y S T E M  ---------------

OS:
 Windows 11 , 64 bit Build 22621 (10.0.22621.2506)
OS uptime: 2 days 7:33 hours
Hyper-V role detected

CPU: total 4 (initial active 4) (4 cores per cpu, 2 threads per core) family 23 model 24 stepping 1 microcode 0x0, cx8, cmov, fxsr, ht, mmx, 3dnowpref, sse, sse2, sse3, ssse3, sse4a, sse4.1, sse4.2, popcnt, lzcnt, tsc, tscinvbit, avx, avx2, aes, clmul, bmi1, bmi2, adx, sha, fma, vzeroupper, clflush, clflushopt, hv, rdtscp, f16c

Memory: 4k page, system-wide physical 7874M (988M free)
TotalPageFile size 16578M (AvailPageFile size 3161M)
current process WorkingSet (physical memory assigned to process): 164M, peak: 205M
current process commit charge ("private bytes"): 251M, peak: 305M

vm_info: OpenJDK 64-Bit Server VM (20.0.2+9-78) for windows-amd64 JRE (20.0.2+9-78), built on 2023-06-14T10:08:48Z by "mach5one" with MS VC++ 17.1 (VS2022)

END.
